2024-12-17 17:17:09,348 [INFO] Activator:176 - 


2024-12-17 17:17:09,350 [INFO] Activator:177 - !SESSION log4j initialized
2024-12-17 17:17:11,960 [INFO] LogOutputStream:77 - [STDOUT_REDIRECT] 
2024-12-17 17:17:13,520 [INFO] ApplicationProperties:184 - Using Application install path: C:\ST\STM32CubeIDE_1.14.1\STM32CubeIDE\plugins\com.st.stm32cube.common.mx_6.10.0.202311202037
2024-12-17 17:17:13,535 [INFO] DbMcusXml:78 - Set database path to: C:\ST\STM32CubeIDE_1.14.1\STM32CubeIDE\plugins\com.st.stm32cube.common.mx_6.10.0.202311202037\\db\/mcu/
2024-12-17 17:17:13,535 [INFO] ApiDb:274 - Set plugin database path to: C:\ST\STM32CubeIDE_1.14.1\STM32CubeIDE\plugins\com.st.stm32cube.common.mx_6.10.0.202311202037\\db\/plugins/boardmanager/
2024-12-17 17:17:13,536 [WARN] ApiDb:259 - Overriding images path with different value:  => C:\ST\STM32CubeIDE_1.14.1\STM32CubeIDE\plugins\com.st.stm32cube.common.mx_6.10.0.202311202037\\db\/plugins/mcufinder/images/
2024-12-17 17:17:13,544 [INFO] ApiDb:250 - Set database path to: C:\Users\koren\.stmcufinder\plugins\mcufinder//mcu/
2024-12-17 17:17:13,545 [INFO] DbMcusAds:125 - Set database path to: C:\Users\koren\.stmcufinder\plugins\mcufinder//mcu/
2024-12-17 17:17:13,546 [INFO] CrossReferenceDbSqlite:203 - Set database path to: C:\Users\koren\.stmcufinder\plugins\mcufinder//mcu/cs/
2024-12-17 17:17:13,648 [INFO] RulesReader:64 - Compatibility file has been processed (297 Rules)
2024-12-17 17:17:13,729 [INFO] DbMcusXml:78 - Set database path to: C:\ST\STM32CubeIDE_1.14.1\STM32CubeIDE\plugins\com.st.stm32cube.common.mx_6.10.0.202311202037\\db\/mcu/
2024-12-17 17:17:13,729 [INFO] ApiDb:274 - Set plugin database path to: C:\ST\STM32CubeIDE_1.14.1\STM32CubeIDE\plugins\com.st.stm32cube.common.mx_6.10.0.202311202037\\db\/plugins/boardmanager/
2024-12-17 17:17:13,729 [INFO] ApiDb:261 - Set plugin images path to: C:\ST\STM32CubeIDE_1.14.1\STM32CubeIDE\plugins\com.st.stm32cube.common.mx_6.10.0.202311202037\\db\/plugins/mcufinder/images/
2024-12-17 17:17:13,729 [WARN] DbFile:41 - Overriding database path with different value: C:\Users\koren\.stmcufinder\plugins\mcufinder/ => C:\Users\koren\.stmcufinder\plugins\mcufinder
2024-12-17 17:17:13,729 [INFO] ApiDb:250 - Set database path to: C:\Users\koren\.stmcufinder\plugins\mcufinder//mcu/
2024-12-17 17:17:13,730 [WARN] DbFile:41 - Overriding database path with different value: C:\Users\koren\.stmcufinder\plugins\mcufinder/ => C:\Users\koren\.stmcufinder\plugins\mcufinder
2024-12-17 17:17:13,730 [INFO] DbMcusAds:125 - Set database path to: C:\Users\koren\.stmcufinder\plugins\mcufinder//mcu/
2024-12-17 17:17:13,730 [WARN] DbFile:41 - Overriding database path with different value: C:\Users\koren\.stmcufinder\plugins\mcufinder/ => C:\Users\koren\.stmcufinder\plugins\mcufinder
2024-12-17 17:17:13,730 [WARN] DbFile:41 - Overriding database path with different value: C:\Users\koren\.stmcufinder\plugins\mcufinder/ => C:\Users\koren\.stmcufinder\plugins\mcufinder
2024-12-17 17:17:13,730 [INFO] CrossReferenceDbSqlite:203 - Set database path to: C:\Users\koren\.stmcufinder\plugins\mcufinder//mcu/cs/
2024-12-17 17:17:13,799 [INFO] MainPanel:264 - HeapMemory: 268435456
2024-12-17 17:17:13,870 [INFO] DbMcusXml:78 - Set database path to: C:\ST\STM32CubeIDE_1.14.1\STM32CubeIDE\plugins\com.st.stm32cube.common.mx_6.10.0.202311202037\\db\/mcu/
2024-12-17 17:17:13,870 [INFO] ApiDb:274 - Set plugin database path to: C:\ST\STM32CubeIDE_1.14.1\STM32CubeIDE\plugins\com.st.stm32cube.common.mx_6.10.0.202311202037\\db\/plugins/boardmanager/
2024-12-17 17:17:13,870 [INFO] ApiDb:261 - Set plugin images path to: C:\ST\STM32CubeIDE_1.14.1\STM32CubeIDE\plugins\com.st.stm32cube.common.mx_6.10.0.202311202037\\db\/plugins/mcufinder/images/
2024-12-17 17:17:13,871 [WARN] DbFile:41 - Overriding database path with different value: C:\Users\koren\.stmcufinder\plugins\mcufinder/ => C:\Users\koren\.stmcufinder\plugins\mcufinder
2024-12-17 17:17:13,871 [INFO] ApiDb:250 - Set database path to: C:\Users\koren\.stmcufinder\plugins\mcufinder//mcu/
2024-12-17 17:17:13,871 [WARN] DbFile:41 - Overriding database path with different value: C:\Users\koren\.stmcufinder\plugins\mcufinder/ => C:\Users\koren\.stmcufinder\plugins\mcufinder
2024-12-17 17:17:13,871 [INFO] DbMcusAds:125 - Set database path to: C:\Users\koren\.stmcufinder\plugins\mcufinder//mcu/
2024-12-17 17:17:13,871 [WARN] DbFile:41 - Overriding database path with different value: C:\Users\koren\.stmcufinder\plugins\mcufinder/ => C:\Users\koren\.stmcufinder\plugins\mcufinder
2024-12-17 17:17:13,871 [WARN] DbFile:41 - Overriding database path with different value: C:\Users\koren\.stmcufinder\plugins\mcufinder/ => C:\Users\koren\.stmcufinder\plugins\mcufinder
2024-12-17 17:17:13,871 [INFO] CrossReferenceDbSqlite:203 - Set database path to: C:\Users\koren\.stmcufinder\plugins\mcufinder//mcu/cs/
2024-12-17 17:17:13,887 [INFO] ApplicationProperties:184 - Using Application install path: C:\ST\STM32CubeIDE_1.14.1\STM32CubeIDE\plugins\com.st.stm32cube.common.mx_6.10.0.202311202037
2024-12-17 17:17:13,888 [INFO] PluginManage:196 - Search for loadable plugins [exclusion list=, ]
2024-12-17 17:17:13,890 [INFO] PluginManage:310 - Check plugin analytics
2024-12-17 17:17:14,020 [INFO] AnalyticsPlugin:253 - Accepted Software Licenses: 
2024-12-17 17:17:14,021 [INFO] AnalyticsPlugin:255 - Accepted CMSIS Pack Licenses: 
2024-12-17 17:17:14,021 [INFO] AnalyticsPlugin:257 - Accepted Firmware Licenses: 
2024-12-17 17:17:14,023 [INFO] PluginManage:359 - Loaded plugin analytics (category:tool,tabindex:-1)
2024-12-17 17:17:14,023 [INFO] PluginManage:310 - Check plugin cadmodel
2024-12-17 17:17:14,038 [INFO] CADModel:105 - Init CAD model plugin
2024-12-17 17:17:14,039 [INFO] PluginManage:359 - Loaded plugin cadmodel (category:power,tabindex:5)
2024-12-17 17:17:14,039 [INFO] PluginManage:310 - Check plugin clock
2024-12-17 17:17:14,056 [INFO] PluginManage:359 - Loaded plugin clock (category:base,tabindex:2)
2024-12-17 17:17:14,056 [INFO] PluginManage:310 - Check plugin ddr
2024-12-17 17:17:14,058 [INFO] PluginManage:359 - Loaded plugin ddr (category:tool,tabindex:6)
2024-12-17 17:17:14,058 [INFO] PluginManage:310 - Check plugin filemanager
2024-12-17 17:17:14,164 [INFO] PluginManage:359 - Loaded plugin filemanager (category:base,tabindex:10)
2024-12-17 17:17:14,164 [INFO] PluginManage:310 - Check plugin ipmanager
2024-12-17 17:17:14,171 [INFO] PluginManage:359 - Loaded plugin ipmanager (category:base,tabindex:5)
2024-12-17 17:17:14,171 [INFO] PluginManage:310 - Check plugin lpbam
2024-12-17 17:17:14,186 [INFO] PluginManage:359 - Loaded plugin lpbam (category:base,tabindex:0)
2024-12-17 17:17:14,186 [INFO] PluginManage:310 - Check plugin memorymap
2024-12-17 17:17:14,206 [INFO] PluginManage:359 - Loaded plugin memorymap (category:base,tabindex:4)
2024-12-17 17:17:14,206 [INFO] PluginManage:310 - Check plugin pinoutandconfiguration
2024-12-17 17:17:14,219 [INFO] PluginManage:359 - Loaded plugin pinoutandconfiguration (category:base,tabindex:1)
2024-12-17 17:17:14,220 [INFO] PluginManage:310 - Check plugin pinoutconfig
2024-12-17 17:17:14,313 [WARN] SupportedApi:132 - Cannot load RTOS API schema: s4s-elt-must-match.1: The content of 'definitions' must match (annotation?, (simpleType | complexType)?, (unique | key | keyref)*)). A problem was found starting at: attribute.
2024-12-17 17:17:14,414 [INFO] PluginManage:359 - Loaded plugin pinoutconfig (category:base,tabindex:0)
2024-12-17 17:17:14,414 [INFO] PluginManage:310 - Check plugin power
2024-12-17 17:17:14,432 [INFO] PluginManage:359 - Loaded plugin power (category:power,tabindex:4)
2024-12-17 17:17:14,432 [INFO] PluginManage:310 - Check plugin projectmanager
2024-12-17 17:17:14,443 [INFO] PluginManage:359 - Loaded plugin projectmanager (category:projectmanager,tabindex:3)
2024-12-17 17:17:14,443 [INFO] PluginManage:310 - Check plugin thirdparty
2024-12-17 17:17:14,672 [INFO] PluginManage:359 - Loaded plugin thirdparty (category:base,tabindex:-1)
2024-12-17 17:17:14,672 [WARN] IntegrityCheckThread:84 - waiting for thirdparty lock release [integrity check]
2024-12-17 17:17:14,672 [INFO] PluginManage:310 - Check plugin tools
2024-12-17 17:17:14,672 [INFO] IntegrityCheckThread:86 - entering critical section [integrity check]
2024-12-17 17:17:14,673 [INFO] ThirdPartyUpdaterWithRetryManager:70 - Updater plugin not ready yet. [1/15]
2024-12-17 17:17:14,706 [INFO] PluginManage:359 - Loaded plugin tools (category:base,tabindex:7)
2024-12-17 17:17:14,706 [INFO] PluginManage:310 - Check plugin tutovideos
2024-12-17 17:17:14,875 [INFO] PluginManage:359 - Loaded plugin tutovideos (category:base,tabindex:-1)
2024-12-17 17:17:14,876 [INFO] PluginManage:310 - Check plugin updater
2024-12-17 17:17:14,886 [INFO] PluginManage:359 - Loaded plugin updater (category:base,tabindex:12)
2024-12-17 17:17:14,886 [INFO] PluginManage:310 - Check plugin userauth
2024-12-17 17:17:14,891 [INFO] UserAuth:114 - Init User Auth plugin
2024-12-17 17:17:14,891 [INFO] PluginManage:359 - Loaded plugin userauth (category:base,tabindex:14)
2024-12-17 17:17:14,891 [INFO] PluginManage:283 - PluginManage : Loaded plugins [17]
2024-12-17 17:17:15,080 [INFO] PinOutPanel:1499 - setPackage(No Configuration,No Configuration)
2024-12-17 17:17:15,145 [INFO] CADModel:165 - CPN selected for project level
2024-12-17 17:17:15,145 [INFO] CADModel:114 - Register for checkConnection events
2024-12-17 17:17:15,166 [INFO] IPUIPlugin:80 - create IPUIPlugin
2024-12-17 17:17:15,166 [INFO] PluginManager:220 - loadIPPluginJar : add adc
2024-12-17 17:17:15,194 [INFO] IPUIPlugin:80 - create IPUIPlugin
2024-12-17 17:17:15,195 [INFO] PluginManager:220 - loadIPPluginJar : add aes
2024-12-17 17:17:15,229 [INFO] IPUIPlugin:80 - create IPUIPlugin
2024-12-17 17:17:15,229 [INFO] PluginManager:220 - loadIPPluginJar : add can
2024-12-17 17:17:15,250 [INFO] IPUIPlugin:80 - create IPUIPlugin
2024-12-17 17:17:15,250 [INFO] PluginManager:220 - loadIPPluginJar : add comp
2024-12-17 17:17:15,276 [INFO] IPUIPlugin:80 - create IPUIPlugin
2024-12-17 17:17:15,276 [INFO] PluginManager:220 - loadIPPluginJar : add cryp
2024-12-17 17:17:15,301 [INFO] IPUIPlugin:80 - create IPUIPlugin
2024-12-17 17:17:15,301 [INFO] PluginManager:220 - loadIPPluginJar : add dfsdm
2024-12-17 17:17:15,312 [INFO] IPUIPlugin:80 - create IPUIPlugin
2024-12-17 17:17:15,312 [INFO] PluginManager:220 - loadIPPluginJar : add dma
2024-12-17 17:17:15,351 [INFO] IPUIPlugin:80 - create IPUIPlugin
2024-12-17 17:17:15,351 [INFO] PluginManager:220 - loadIPPluginJar : add dma3
2024-12-17 17:17:15,367 [INFO] IPUIPlugin:80 - create IPUIPlugin
2024-12-17 17:17:15,367 [INFO] PluginManager:220 - loadIPPluginJar : add fatfs
2024-12-17 17:17:15,408 [INFO] IPUIPlugin:80 - create IPUIPlugin
2024-12-17 17:17:15,409 [INFO] PluginManager:220 - loadIPPluginJar : add fmc
2024-12-17 17:17:15,424 [INFO] IPUIPlugin:80 - create IPUIPlugin
2024-12-17 17:17:15,424 [INFO] PluginManager:220 - loadIPPluginJar : add freertos
2024-12-17 17:17:15,441 [INFO] IPUIPlugin:80 - create IPUIPlugin
2024-12-17 17:17:15,441 [INFO] PluginManager:220 - loadIPPluginJar : add genericplugin
2024-12-17 17:17:15,537 [INFO] IPUIPlugin:80 - create IPUIPlugin
2024-12-17 17:17:15,537 [INFO] PluginManager:220 - loadIPPluginJar : add gfxmmu
2024-12-17 17:17:15,661 [INFO] IPUIPlugin:80 - create IPUIPlugin
2024-12-17 17:17:15,662 [INFO] PluginManager:220 - loadIPPluginJar : add gic
2024-12-17 17:17:15,672 [INFO] IPUIPlugin:80 - create IPUIPlugin
2024-12-17 17:17:15,673 [INFO] PluginManager:220 - loadIPPluginJar : add gpio
2024-12-17 17:17:15,756 [INFO] IPUIPlugin:80 - create IPUIPlugin
2024-12-17 17:17:15,756 [INFO] PluginManager:220 - loadIPPluginJar : add gtzc
2024-12-17 17:17:15,784 [INFO] IPUIPlugin:80 - create IPUIPlugin
2024-12-17 17:17:15,784 [INFO] PluginManager:220 - loadIPPluginJar : add hash
2024-12-17 17:17:15,839 [INFO] IPUIPlugin:80 - create IPUIPlugin
2024-12-17 17:17:15,839 [INFO] PluginManager:220 - loadIPPluginJar : add i2c
2024-12-17 17:17:15,878 [INFO] IPUIPlugin:80 - create IPUIPlugin
2024-12-17 17:17:15,879 [INFO] PluginManager:220 - loadIPPluginJar : add i2s
2024-12-17 17:17:15,913 [INFO] IPUIPlugin:80 - create IPUIPlugin
2024-12-17 17:17:15,914 [INFO] PluginManager:220 - loadIPPluginJar : add i3c
2024-12-17 17:17:16,011 [INFO] IPUIPlugin:80 - create IPUIPlugin
2024-12-17 17:17:16,012 [INFO] PluginManager:220 - loadIPPluginJar : add ipddr
2024-12-17 17:17:16,098 [INFO] IPUIPlugin:80 - create IPUIPlugin
2024-12-17 17:17:16,098 [INFO] PluginManager:220 - loadIPPluginJar : add linkedlist
2024-12-17 17:17:16,130 [INFO] IPUIPlugin:80 - create IPUIPlugin
2024-12-17 17:17:16,130 [INFO] PluginManager:220 - loadIPPluginJar : add lorawan
2024-12-17 17:17:16,168 [INFO] IPUIPlugin:80 - create IPUIPlugin
2024-12-17 17:17:16,169 [INFO] PluginManager:220 - loadIPPluginJar : add ltdc
2024-12-17 17:17:16,180 [INFO] IPUIPlugin:80 - create IPUIPlugin
2024-12-17 17:17:16,181 [INFO] PluginManager:220 - loadIPPluginJar : add mdma
2024-12-17 17:17:16,191 [INFO] IPUIPlugin:80 - create IPUIPlugin
2024-12-17 17:17:16,192 [INFO] PluginManager:220 - loadIPPluginJar : add nvic
2024-12-17 17:17:16,226 [INFO] IPUIPlugin:80 - create IPUIPlugin
2024-12-17 17:17:16,227 [INFO] PluginManager:220 - loadIPPluginJar : add opamp
2024-12-17 17:17:16,286 [INFO] IPUIPlugin:80 - create IPUIPlugin
2024-12-17 17:17:16,286 [INFO] PluginManager:220 - loadIPPluginJar : add openamp
2024-12-17 17:17:16,331 [INFO] IPUIPlugin:80 - create IPUIPlugin
2024-12-17 17:17:16,331 [INFO] PluginManager:220 - loadIPPluginJar : add pdm2pcm
2024-12-17 17:17:16,344 [INFO] IPUIPlugin:80 - create IPUIPlugin
2024-12-17 17:17:16,346 [INFO] PluginManager:220 - loadIPPluginJar : add plateformsettings
2024-12-17 17:17:16,369 [INFO] IPUIPlugin:80 - create IPUIPlugin
2024-12-17 17:17:16,369 [INFO] PluginManager:220 - loadIPPluginJar : add quadspi
2024-12-17 17:17:16,382 [INFO] IPUIPlugin:80 - create IPUIPlugin
2024-12-17 17:17:16,382 [INFO] PluginManager:220 - loadIPPluginJar : add resmgrutility
2024-12-17 17:17:16,423 [INFO] IPUIPlugin:80 - create IPUIPlugin
2024-12-17 17:17:16,424 [INFO] PluginManager:220 - loadIPPluginJar : add sai
2024-12-17 17:17:16,458 [INFO] IPUIPlugin:80 - create IPUIPlugin
2024-12-17 17:17:16,458 [INFO] PluginManager:220 - loadIPPluginJar : add spi
2024-12-17 17:17:16,520 [INFO] IPUIPlugin:80 - create IPUIPlugin
2024-12-17 17:17:16,520 [INFO] PluginManager:220 - loadIPPluginJar : add stm32_wpan
2024-12-17 17:17:16,543 [INFO] IPUIPlugin:80 - create IPUIPlugin
2024-12-17 17:17:16,543 [INFO] PluginManager:220 - loadIPPluginJar : add tim
2024-12-17 17:17:16,596 [INFO] IPUIPlugin:80 - create IPUIPlugin
2024-12-17 17:17:16,596 [INFO] PluginManager:220 - loadIPPluginJar : add touchsensing
2024-12-17 17:17:16,619 [INFO] IPUIPlugin:80 - create IPUIPlugin
2024-12-17 17:17:16,619 [INFO] PluginManager:220 - loadIPPluginJar : add tracer_emb
2024-12-17 17:17:16,643 [INFO] IPUIPlugin:80 - create IPUIPlugin
2024-12-17 17:17:16,643 [INFO] PluginManager:220 - loadIPPluginJar : add ts
2024-12-17 17:17:16,664 [INFO] IPUIPlugin:80 - create IPUIPlugin
2024-12-17 17:17:16,664 [INFO] PluginManager:220 - loadIPPluginJar : add tsc
2024-12-17 17:17:16,687 [INFO] IPUIPlugin:80 - create IPUIPlugin
2024-12-17 17:17:16,687 [INFO] PluginManager:220 - loadIPPluginJar : add ucpd
2024-12-17 17:17:16,724 [INFO] IPUIPlugin:80 - create IPUIPlugin
2024-12-17 17:17:16,724 [INFO] PluginManager:220 - loadIPPluginJar : add usart
2024-12-17 17:17:16,765 [INFO] IPUIPlugin:80 - create IPUIPlugin
2024-12-17 17:17:16,765 [INFO] PluginManager:220 - loadIPPluginJar : add usbx
2024-12-17 17:17:16,888 [INFO] CADModel:165 - CPN selected for project level
2024-12-17 17:17:16,888 [INFO] CADModel:114 - Register for checkConnection events
2024-12-17 17:17:16,888 [FATAL] Updater:308 - Updater called before beeing initialized
2024-12-17 17:17:16,888 [ERROR] CADModel:125 - Updater not yet initialized, retry later 
2024-12-17 17:17:17,011 [INFO] CADModel:165 - CPN selected for project level
2024-12-17 17:17:17,011 [INFO] CADModel:114 - Register for checkConnection events
2024-12-17 17:17:17,012 [FATAL] Updater:308 - Updater called before beeing initialized
2024-12-17 17:17:17,012 [ERROR] CADModel:125 - Updater not yet initialized, retry later 
2024-12-17 17:17:17,015 [FATAL] Updater:308 - Updater called before beeing initialized
2024-12-17 17:17:17,102 [FATAL] Updater:308 - Updater called before beeing initialized
2024-12-17 17:17:17,110 [INFO] DbMcusAds:53 - JSON generation date=Fri Sep 20 16:04:23 IDT 2024 (1726837463113)
2024-12-17 17:17:17,110 [FATAL] Updater:308 - Updater called before beeing initialized
2024-12-17 17:17:17,139 [WARN] DetailPanel:346 - Failed to get advertising image, set to default
2024-12-17 17:17:17,207 [FATAL] Updater:308 - Updater called before beeing initialized
2024-12-17 17:17:17,209 [FATAL] Updater:308 - Updater called before beeing initialized
2024-12-17 17:17:17,209 [FATAL] Updater:308 - Updater called before beeing initialized
2024-12-17 17:17:17,209 [WARN] DetailPanel:346 - Failed to get advertising image, set to default
2024-12-17 17:17:17,209 [FATAL] Updater:308 - Updater called before beeing initialized
2024-12-17 17:17:17,262 [ERROR] Updater:1120 - MainUpdater not yet initialized. External WinMGr cannot be set.
2024-12-17 17:17:17,271 [INFO] Updater:1056 - Updater Version found : 6.10.0
2024-12-17 17:17:17,289 [INFO] ApplicationProperties:184 - Using Application install path: C:\ST\STM32CubeIDE_1.14.1\STM32CubeIDE\plugins\com.st.stm32cube.common.mx_6.10.0.202311202037
2024-12-17 17:17:17,674 [INFO] ThirdPartyUpdaterWithRetryManager:70 - Updater plugin not ready yet. [2/15]
2024-12-17 17:17:18,869 [ERROR] LogOutputStream:75 - [STDERR_REDIRECT] Dec 17, 2024 5:17:18 PM java.util.prefs.WindowsPreferences <init>
2024-12-17 17:17:18,870 [ERROR] LogOutputStream:75 - [STDERR_REDIRECT] WARNING: Could not open/create prefs root node Software\JavaSoft\Prefs at root 0xffffffff80000002. Windows RegCreateKeyEx(...) returned error code 5.
2024-12-17 17:17:18,871 [ERROR] LogOutputStream:75 - [STDERR_REDIRECT] 
2024-12-17 17:17:19,219 [INFO] MainUpdater:2873 - connection check result : 10
2024-12-17 17:17:19,220 [INFO] MainUpdater:290 - Updater Check For Update Now.
2024-12-17 17:17:19,220 [INFO] MicroXplorer:498 - Change Database Version : DB.6.0.100
2024-12-17 17:17:19,235 [INFO] McuFinderGlobals:63 - Set McuFinder mode to 2 (CubeIDE integrated)
2024-12-17 17:17:19,247 [INFO] UserAuth:404 - Internet connection configuration mode: 1
2024-12-17 17:17:19,273 [INFO] JxBrowserEngine:152 - Initiate JxBrowser Engine with user profile folder
2024-12-17 17:17:19,442 [INFO] CheckServerUpdateThread:120 - End of CheckServer Thread
2024-12-17 17:17:20,897 [WARN] PackLoader:240 - Cannot read IP mode file for STMicroelectronics.FP-SNS-MOTENVWB1.1.4.0
2024-12-17 17:17:20,911 [WARN] PackLoader:240 - Cannot read IP mode file for STMicroelectronics.FP-ATR-ASTRA1.2.0.1
2024-12-17 17:17:20,925 [WARN] PackLoader:240 - Cannot read IP mode file for STMicroelectronics.X-CUBE-SMBUS.2.1.0
2024-12-17 17:17:20,941 [WARN] PackLoader:240 - Cannot read IP mode file for STMicroelectronics.X-CUBE-WB05N.1.1.0
2024-12-17 17:17:20,955 [WARN] PackLoader:240 - Cannot read IP mode file for STMicroelectronics.X-CUBE-TOUCHGFX.4.23.0
2024-12-17 17:17:20,966 [WARN] PackLoader:240 - Cannot read IP mode file for STMicroelectronics.X-CUBE-TOUCHGFX.4.23.2
2024-12-17 17:17:20,998 [WARN] PackLoader:240 - Cannot read IP mode file for STMicroelectronics.X-CUBE-AZRTOS-F7.1.1.0
2024-12-17 17:17:21,013 [WARN] PackLoader:240 - Cannot read IP mode file for STMicroelectronics.FP-SNS-MOTENV1.4.3.2
2024-12-17 17:17:21,081 [WARN] PackLoader:240 - Cannot read IP mode file for STMicroelectronics.X-CUBE-MEMS1.11.0.0
2024-12-17 17:17:21,399 [WARN] PackLoader:240 - Cannot read IP mode file for STMicroelectronics.FP-SNS-FLIGHT1.5.0.2
2024-12-17 17:17:21,415 [WARN] PackLoader:240 - Cannot read IP mode file for STMicroelectronics.X-CUBE-DISPLAY.3.0.0
2024-12-17 17:17:21,432 [WARN] PackLoader:240 - Cannot read IP mode file for STMicroelectronics.X-CUBE-BLE1.7.0.0
2024-12-17 17:17:21,448 [WARN] PackLoader:240 - Cannot read IP mode file for STMicroelectronics.X-CUBE-NFC10.1.0.0
2024-12-17 17:17:21,466 [WARN] PackLoader:240 - Cannot read IP mode file for STMicroelectronics.X-CUBE-BLEMGR.4.0.0
2024-12-17 17:17:21,482 [WARN] PackLoader:240 - Cannot read IP mode file for emotas.I-CUBE-CANOPEN.1.3.0
2024-12-17 17:17:21,497 [WARN] PackLoader:240 - Cannot read IP mode file for STMicroelectronics.X-CUBE-BLEMGR.3.1.0
2024-12-17 17:17:21,509 [WARN] PackLoader:240 - Cannot read IP mode file for STMicroelectronics.FP-SNS-SMARTAG2.1.2.0
2024-12-17 17:17:21,529 [INFO] LogOutputStream:77 - [STDOUT_REDIRECT] 1 : Invalid condition id : UX_CORESTACK_Condition cause : null
2024-12-17 17:17:21,529 [INFO] LogOutputStream:77 - [STDOUT_REDIRECT] 1 : Invalid condition id : UX_CORESTACK_Condition cause : null
2024-12-17 17:17:21,530 [INFO] LogOutputStream:77 - [STDOUT_REDIRECT] 1 : Invalid condition id : UX_CORESTACK_Condition cause : null
2024-12-17 17:17:21,531 [INFO] LogOutputStream:77 - [STDOUT_REDIRECT] 1 : Invalid condition id : UX_CORESTACK_Condition cause : null
2024-12-17 17:17:21,532 [INFO] LogOutputStream:77 - [STDOUT_REDIRECT] 1 : Invalid condition id : UX_CORESTACK_Condition cause : null
2024-12-17 17:17:21,533 [WARN] PackLoader:240 - Cannot read IP mode file for STMicroelectronics.X-CUBE-AZRTOS-WL.2.0.0
2024-12-17 17:17:21,547 [WARN] PackLoader:240 - Cannot read IP mode file for STMicroelectronics.FP-SNS-MOTENV1.5.0.0
2024-12-17 17:17:21,558 [WARN] PackLoader:240 - Cannot read IP mode file for wolfSSL.I-CUBE-wolfMQTT.1.19.0
2024-12-17 17:17:21,573 [WARN] PackLoader:240 - Cannot read IP mode file for WES.I-CUBE-Cesium.1.3.0
2024-12-17 17:17:21,587 [WARN] PackLoader:240 - Cannot read IP mode file for STMicroelectronics.X-CUBE-BLE2.3.3.0
2024-12-17 17:17:21,600 [WARN] PackLoader:240 - Cannot read IP mode file for STMicroelectronics.X-CUBE-NFC9.1.0.0
2024-12-17 17:17:21,614 [WARN] PackLoader:240 - Cannot read IP mode file for STMicroelectronics.X-CUBE-TCPP.4.1.0
2024-12-17 17:17:21,631 [WARN] PackLoader:240 - Cannot read IP mode file for STMicroelectronics.X-CUBE-ALGOBUILD.1.3.0
2024-12-17 17:17:21,654 [WARN] PackLoader:240 - Cannot read IP mode file for STMicroelectronics.X-CUBE-AZRTOS-G0.1.1.0
2024-12-17 17:17:21,670 [WARN] PackLoader:240 - Cannot read IP mode file for STMicroelectronics.X-CUBE-SAFEA1.1.2.2
2024-12-17 17:17:21,686 [WARN] PackLoader:240 - Cannot read IP mode file for STMicroelectronics.X-CUBE-NFC4.3.0.0
2024-12-17 17:17:21,702 [WARN] PackLoader:240 - Cannot read IP mode file for EmbeddedOffice.I-CUBE-FS-RTOS.1.0.1
2024-12-17 17:17:21,702 [ERROR] ConditionMgr:805 - Attr not supported : Dmpu
2024-12-17 17:17:21,702 [ERROR] ConditionMgr:805 - Attr not supported : Dmpu
2024-12-17 17:17:21,703 [ERROR] ConditionMgr:805 - Attr not supported : Dmpu
2024-12-17 17:17:21,703 [ERROR] ConditionMgr:805 - Attr not supported : Dmpu
2024-12-17 17:17:21,703 [ERROR] ConditionMgr:805 - Attr not supported : Dmpu
2024-12-17 17:17:21,703 [ERROR] ConditionMgr:805 - Attr not supported : Dmpu
2024-12-17 17:17:21,703 [ERROR] ConditionMgr:805 - Attr not supported : Dmpu
2024-12-17 17:17:21,703 [ERROR] ConditionMgr:805 - Attr not supported : Dmpu
2024-12-17 17:17:21,703 [ERROR] ConditionMgr:805 - Attr not supported : Dmpu
2024-12-17 17:17:21,703 [ERROR] ConditionMgr:805 - Attr not supported : Dmpu
2024-12-17 17:17:21,703 [ERROR] ConditionMgr:805 - Attr not supported : Dmpu
2024-12-17 17:17:21,703 [ERROR] ConditionMgr:805 - Attr not supported : Dmpu
2024-12-17 17:17:21,703 [ERROR] ConditionMgr:805 - Attr not supported : Dmpu
2024-12-17 17:17:21,703 [ERROR] ConditionMgr:805 - Attr not supported : Dmpu
2024-12-17 17:17:21,703 [ERROR] ConditionMgr:805 - Attr not supported : Dmpu
2024-12-17 17:17:21,703 [ERROR] ConditionMgr:805 - Attr not supported : Dmpu
2024-12-17 17:17:21,703 [ERROR] ConditionMgr:805 - Attr not supported : Dmpu
2024-12-17 17:17:21,703 [ERROR] ConditionMgr:805 - Attr not supported : Dmpu
2024-12-17 17:17:21,703 [ERROR] ConditionMgr:805 - Attr not supported : Dmpu
2024-12-17 17:17:21,704 [ERROR] ConditionMgr:805 - Attr not supported : Dmpu
2024-12-17 17:17:21,704 [ERROR] ConditionMgr:805 - Attr not supported : Dmpu
2024-12-17 17:17:21,704 [ERROR] ConditionMgr:805 - Attr not supported : Dmpu
2024-12-17 17:17:21,704 [ERROR] ConditionMgr:805 - Attr not supported : Dmpu
2024-12-17 17:17:21,704 [ERROR] ConditionMgr:805 - Attr not supported : Dmpu
2024-12-17 17:17:21,704 [ERROR] ConditionMgr:805 - Attr not supported : Dmpu
2024-12-17 17:17:21,704 [ERROR] ConditionMgr:805 - Attr not supported : Dmpu
2024-12-17 17:17:21,704 [ERROR] ConditionMgr:805 - Attr not supported : Dmpu
2024-12-17 17:17:21,704 [ERROR] ConditionMgr:805 - Attr not supported : Dmpu
2024-12-17 17:17:21,704 [ERROR] ConditionMgr:805 - Attr not supported : Dmpu
2024-12-17 17:17:21,704 [ERROR] ConditionMgr:805 - Attr not supported : Dmpu
2024-12-17 17:17:21,704 [ERROR] ConditionMgr:805 - Attr not supported : Dmpu
2024-12-17 17:17:21,704 [ERROR] ConditionMgr:805 - Attr not supported : Dmpu
2024-12-17 17:17:21,704 [ERROR] ConditionMgr:805 - Attr not supported : Dmpu
2024-12-17 17:17:21,704 [ERROR] ConditionMgr:805 - Attr not supported : Dmpu
2024-12-17 17:17:21,704 [ERROR] ConditionMgr:805 - Attr not supported : Dmpu
2024-12-17 17:17:21,704 [ERROR] ConditionMgr:805 - Attr not supported : Dmpu
2024-12-17 17:17:21,704 [ERROR] ConditionMgr:805 - Attr not supported : Dmpu
2024-12-17 17:17:21,704 [ERROR] ConditionMgr:805 - Attr not supported : Dmpu
2024-12-17 17:17:21,704 [ERROR] ConditionMgr:805 - Attr not supported : Dmpu
2024-12-17 17:17:21,704 [ERROR] ConditionMgr:805 - Attr not supported : Dmpu
2024-12-17 17:17:21,704 [ERROR] ConditionMgr:805 - Attr not supported : Dmpu
2024-12-17 17:17:21,704 [ERROR] ConditionMgr:805 - Attr not supported : Dmpu
2024-12-17 17:17:21,704 [ERROR] ConditionMgr:805 - Attr not supported : Dmpu
2024-12-17 17:17:21,704 [ERROR] ConditionMgr:805 - Attr not supported : Dmpu
2024-12-17 17:17:21,704 [ERROR] ConditionMgr:805 - Attr not supported : Dmpu
2024-12-17 17:17:21,704 [ERROR] ConditionMgr:805 - Attr not supported : Dmpu
2024-12-17 17:17:21,704 [ERROR] ConditionMgr:805 - Attr not supported : Dmpu
2024-12-17 17:17:21,704 [ERROR] ConditionMgr:805 - Attr not supported : Dmpu
2024-12-17 17:17:21,705 [ERROR] ConditionMgr:805 - Attr not supported : Dmpu
2024-12-17 17:17:21,705 [ERROR] ConditionMgr:805 - Attr not supported : Dmpu
2024-12-17 17:17:21,705 [ERROR] ConditionMgr:805 - Attr not supported : Dmpu
2024-12-17 17:17:21,705 [ERROR] ConditionMgr:805 - Attr not supported : Dmpu
2024-12-17 17:17:21,705 [ERROR] ConditionMgr:805 - Attr not supported : Dmpu
2024-12-17 17:17:21,705 [ERROR] ConditionMgr:805 - Attr not supported : Dmpu
2024-12-17 17:17:21,705 [ERROR] ConditionMgr:805 - Attr not supported : Dmpu
2024-12-17 17:17:21,705 [ERROR] ConditionMgr:805 - Attr not supported : Dmpu
2024-12-17 17:17:21,705 [ERROR] ConditionMgr:805 - Attr not supported : Dmpu
2024-12-17 17:17:21,705 [ERROR] ConditionMgr:805 - Attr not supported : Dmpu
2024-12-17 17:17:21,705 [ERROR] ConditionMgr:805 - Attr not supported : Dmpu
2024-12-17 17:17:21,705 [ERROR] ConditionMgr:805 - Attr not supported : Dmpu
2024-12-17 17:17:21,705 [ERROR] ConditionMgr:805 - Attr not supported : Dmpu
2024-12-17 17:17:21,705 [ERROR] ConditionMgr:805 - Attr not supported : Dmpu
2024-12-17 17:17:21,705 [ERROR] ConditionMgr:805 - Attr not supported : Dmpu
2024-12-17 17:17:21,705 [ERROR] ConditionMgr:805 - Attr not supported : Dmpu
2024-12-17 17:17:21,718 [WARN] PackLoader:240 - Cannot read IP mode file for STMicroelectronics.X-CUBE-BLEMGR.3.0.0
2024-12-17 17:17:21,730 [ERROR] Engine:466 - C:\Users\koren\.stm32cubemx\thirdparties\pdsc\STMicroelectronics.X-CUBE-TCPP.4.2.0.pdsc: PDSC version is not supported
2024-12-17 17:17:21,743 [WARN] PackLoader:240 - Cannot read IP mode file for RealThread.X-CUBE-RT-Thread_Nano.4.1.1
2024-12-17 17:17:21,754 [WARN] PackLoader:240 - Cannot read IP mode file for STMicroelectronics.FP-ATR-SIGFOX1.3.2.0
2024-12-17 17:17:21,764 [WARN] ConditionMgr:438 - getConditionDescription Invalid condition id : Cortex-A Device cause : null
2024-12-17 17:17:21,779 [WARN] ConditionMgr:1039 - genDependencies : Invalid condition id : Cortex-A Device cause : null
2024-12-17 17:17:21,779 [WARN] ConditionMgr:1039 - genDependencies : Invalid condition id : Cortex-A Device cause : null
2024-12-17 17:17:21,779 [WARN] ConditionMgr:1039 - genDependencies : Invalid condition id : Cortex-A Device cause : null
2024-12-17 17:17:21,791 [WARN] PackLoader:240 - Cannot read IP mode file for STMicroelectronics.X-CUBE-EEPRMA1.5.1.0
2024-12-17 17:17:21,804 [WARN] PackLoader:240 - Cannot read IP mode file for wolfSSL.I-CUBE-wolfSSL.5.7.4
2024-12-17 17:17:21,817 [WARN] PackLoader:240 - Cannot read IP mode file for ITTIA_DB.I-CUBE-ITTIADB.8.9.0
2024-12-17 17:17:21,847 [WARN] PackLoader:240 - Cannot read IP mode file for SEGGER.I-CUBE-embOS.1.3.1
2024-12-17 17:17:21,883 [WARN] PackLoader:240 - Cannot read IP mode file for STMicroelectronics.X-CUBE-ALGOBUILD.1.4.0
2024-12-17 17:17:21,895 [WARN] PackLoader:240 - Cannot read IP mode file for STMicroelectronics.X-CUBE-AI.9.1.0
2024-12-17 17:17:21,908 [WARN] PackLoader:240 - Cannot read IP mode file for STMicroelectronics.X-CUBE-GNSS1.6.0.0
2024-12-17 17:17:21,931 [WARN] PackLoader:240 - Cannot read IP mode file for STMicroelectronics.X-CUBE-AZRTOS-F4.1.1.0
2024-12-17 17:17:21,943 [WARN] PackLoader:240 - Cannot read IP mode file for STMicroelectronics.X-CUBE-ISPU.2.1.0
2024-12-17 17:17:21,957 [WARN] PackLoader:240 - Cannot read IP mode file for STMicroelectronics.X-CUBE-FREERTOS.1.2.0
2024-12-17 17:17:21,966 [WARN] PackLoader:240 - Cannot read IP mode file for wolfSSL.I-CUBE-wolfSSL.5.6.6
2024-12-17 17:17:21,987 [WARN] PackLoader:240 - Cannot read IP mode file for STMicroelectronics.X-CUBE-AZRTOS-L5.2.0.0
2024-12-17 17:17:22,001 [WARN] PackLoader:240 - Cannot read IP mode file for STMicroelectronics.X-CUBE-NFC6.3.1.0
2024-12-17 17:17:22,014 [WARN] PackLoader:240 - Cannot read IP mode file for ITTIA_DB.I-CUBE-ITTIADB.8.8.0
2024-12-17 17:17:22,026 [WARN] PackLoader:240 - Cannot read IP mode file for STMicroelectronics.X-CUBE-DPower.1.2.0
2024-12-17 17:17:22,037 [WARN] PackLoader:240 - Cannot read IP mode file for STMicroelectronics.X-CUBE-AI.9.0.0
2024-12-17 17:17:22,048 [WARN] PackLoader:240 - Cannot read IP mode file for STMicroelectronics.X-CUBE-FREERTOS.1.3.0
2024-12-17 17:17:22,060 [WARN] PackLoader:240 - Cannot read IP mode file for STMicroelectronics.X-CUBE-NFC7.1.0.1
2024-12-17 17:17:22,074 [WARN] PackLoader:240 - Cannot read IP mode file for STMicroelectronics.X-CUBE-NFC6.3.0.0
2024-12-17 17:17:22,087 [WARN] PackLoader:240 - Cannot read IP mode file for STMicroelectronics.X-CUBE-AI.8.1.0
2024-12-17 17:17:22,107 [WARN] ConditionMgr:438 - getConditionDescription Invalid condition id : LAN8742 Phy interface Condition cause : null
2024-12-17 17:17:22,107 [WARN] PackLoader:240 - Cannot read IP mode file for STMicroelectronics.X-CUBE-AZRTOS-L4.2.0.0
2024-12-17 17:17:22,108 [WARN] ConditionMgr:1039 - genDependencies : Invalid condition id : LAN8742 Phy interface Condition cause : null
2024-12-17 17:17:22,108 [WARN] ConditionMgr:1039 - genDependencies : Invalid condition id : LAN8742 Phy interface Condition cause : null
2024-12-17 17:17:22,108 [WARN] ConditionMgr:1039 - genDependencies : Invalid condition id : LAN8742 Phy interface Condition cause : null
2024-12-17 17:17:22,125 [WARN] PackLoader:240 - Cannot read IP mode file for STMicroelectronics.X-CUBE-SFXS2LP1.4.0.0
2024-12-17 17:17:22,151 [WARN] PackLoader:240 - Cannot read IP mode file for STMicroelectronics.X-CUBE-AZRTOS-H7.3.3.0
2024-12-17 17:17:22,167 [WARN] PackLoader:240 - Cannot read IP mode file for STMicroelectronics.X-CUBE-IPS.3.0.0
2024-12-17 17:17:22,190 [WARN] ConditionMgr:438 - getConditionDescription Invalid condition id : UX DEVICE CLASS RTOS Condition cause : null
2024-12-17 17:17:22,190 [WARN] ConditionMgr:438 - getConditionDescription Invalid condition id : UX DEVICE CLASS RTOS Condition cause : null
2024-12-17 17:17:22,191 [WARN] PackLoader:240 - Cannot read IP mode file for STMicroelectronics.X-CUBE-AZRTOS-WB.2.0.0
2024-12-17 17:17:22,191 [WARN] ConditionMgr:1039 - genDependencies : Invalid condition id : UX DEVICE CLASS RTOS Condition cause : null
2024-12-17 17:17:22,191 [WARN] ConditionMgr:1039 - genDependencies : Invalid condition id : UX DEVICE CLASS RTOS Condition cause : null
2024-12-17 17:17:22,191 [WARN] ConditionMgr:1039 - genDependencies : Invalid condition id : UX DEVICE CLASS RTOS Condition cause : null
2024-12-17 17:17:22,191 [WARN] ConditionMgr:1039 - genDependencies : Invalid condition id : UX DEVICE CLASS RTOS Condition cause : null
2024-12-17 17:17:22,191 [WARN] ConditionMgr:1039 - genDependencies : Invalid condition id : UX DEVICE CLASS RTOS Condition cause : null
2024-12-17 17:17:22,204 [WARN] PackLoader:240 - Cannot read IP mode file for STMicroelectronics.X-CUBE-GNSS1.7.0.0
2024-12-17 17:17:22,217 [WARN] PackLoader:240 - Cannot read IP mode file for STMicroelectronics.FP-SNS-STBOX1.2.0.0
2024-12-17 17:17:22,235 [WARN] PackLoader:240 - Cannot read IP mode file for STMicroelectronics.X-CUBE-SUBG2.5.0.0
2024-12-17 17:17:22,250 [WARN] PackLoader:240 - Cannot read IP mode file for Cesanta.I-CUBE-Mongoose.7.13.0
2024-12-17 17:17:22,270 [WARN] PackLoader:240 - Cannot read IP mode file for STMicroelectronics.X-CUBE-AZRTOS-G4.2.0.0
2024-12-17 17:17:22,293 [WARN] PackLoader:240 - Cannot read IP mode file for Infineon.AIROC-Wi-Fi-Bluetooth-STM32.1.5.1
2024-12-17 17:17:22,306 [WARN] PackLoader:240 - Cannot read IP mode file for STMicroelectronics.FP-SNS-MOTENVWB1.1.3.1
2024-12-17 17:17:22,315 [WARN] PackLoader:240 - Cannot read IP mode file for STMicroelectronics.X-CUBE-ISPU.2.0.0
2024-12-17 17:17:22,324 [WARN] PackLoader:240 - Cannot read IP mode file for STMicroelectronics.X-CUBE-ALS.1.0.2
2024-12-17 17:17:22,364 [WARN] PackLoader:240 - Cannot read IP mode file for STMicroelectronics.X-CUBE-MEMS1.10.0.0
2024-12-17 17:17:22,559 [WARN] PackLoader:240 - Cannot read IP mode file for STMicroelectronics.X-CUBE-FREERTOS.1.1.0
2024-12-17 17:17:22,572 [WARN] PackLoader:240 - Cannot read IP mode file for STMicroelectronics.X-CUBE-TOUCHGFX.4.24.1
2024-12-17 17:17:22,586 [WARN] PackLoader:240 - Cannot read IP mode file for wolfSSL.I-CUBE-wolfTPM.3.4.0
2024-12-17 17:17:22,599 [WARN] PackLoader:240 - Cannot read IP mode file for portGmbH.I-Cube-SoM-uGOAL.1.1.0
2024-12-17 17:17:22,612 [WARN] PackLoader:240 - Cannot read IP mode file for STMicroelectronics.X-CUBE-ALS.1.0.1
2024-12-17 17:17:22,633 [WARN] PackLoader:240 - Cannot read IP mode file for STMicroelectronics.X-CUBE-AZRTOS-H7RS.1.0.0
2024-12-17 17:17:22,643 [WARN] PackLoader:240 - Cannot read IP mode file for STMicroelectronics.FP-ATR-ASTRA1.2.0.0
2024-12-17 17:17:22,660 [WARN] PackLoader:240 - Cannot read IP mode file for STMicroelectronics.X-CUBE-TOF1.3.4.2
2024-12-17 17:17:22,678 [WARN] PackLoader:240 - Cannot read IP mode file for STMicroelectronics.X-CUBE-TOF1.3.4.0
2024-12-17 17:17:22,711 [WARN] PackLoader:240 - Cannot read IP mode file for Infineon.AIROC-Wi-Fi-Bluetooth-STM32.1.6.1
2024-12-17 17:17:22,728 [WARN] PackLoader:240 - Cannot read IP mode file for STMicroelectronics.X-CUBE-TOF1.3.4.1
2024-12-17 17:17:22,758 [WARN] PackLoader:240 - Cannot read IP mode file for STMicroelectronics.X-CUBE-AZRTOS-H7.3.2.0
2024-12-17 17:17:22,773 [WARN] PackLoader:240 - Cannot read IP mode file for wolfSSL.I-CUBE-wolfSSH.1.4.17
2024-12-17 17:17:22,773 [INFO] ThirdParty:978 - Integrity check success = true
2024-12-17 17:17:22,774 [INFO] IntegrityCheckThread:100 - exiting critical section [integrity check]
2024-12-17 17:17:22,774 [INFO] IntegrityCheckThread:103 - End integrity checks thread
2024-12-17 17:17:24,081 [INFO] WebApp:161 - Instantiating new browser for Auth
2024-12-17 17:17:24,601 [INFO] WebApp:780 - Register for checkConnection events
2024-12-17 17:17:24,601 [INFO] WebApp:414 - Apply proxy settings
2024-12-17 17:17:24,601 [INFO] WebApp:499 - Chromium requires no authentication
2024-12-17 17:17:24,607 [INFO] WebApp:442 - Direct internet connection detected
2024-12-17 17:17:24,741 [INFO] WebApp:192 - Starting web application
2024-12-17 17:17:24,741 [INFO] WebApp:544 - Web application path used C:\ST\STM32CubeIDE_1.14.1\STM32CubeIDE\plugins\com.st.stm32cube.common.mx_6.10.0.202311202037\db\plugins\mcufinder\reactClient1\index.html
2024-12-17 17:17:29,693 [INFO] McuFinderGlobals:63 - Set McuFinder mode to 2 (CubeIDE integrated)
2024-12-17 17:17:29,713 [INFO] MainUpdater:2873 - connection check result : 10
2024-12-17 17:17:29,731 [INFO] McuFinderGlobals:76 - Set McuFinderConnectedMode to true
2024-12-17 17:17:29,971 [INFO] ServerAccessManage:473 - Download File mcusAds.json._tmp_
2024-12-17 17:17:30,086 [INFO] LoadUrlFilesThread:156 - End of LoadUrlFiles Thread
2024-12-17 17:17:30,542 [INFO] ServerAccessManage:473 - Download File cube-finder-db.zip
2024-12-17 17:17:31,182 [INFO] FileExtend:240 - Unzip File : cube-finder-db.zip
2024-12-17 17:17:31,183 [INFO] FileExtend:255 - Standard Zip Deflate
2024-12-17 17:17:31,952 [INFO] LoadUrlFilesThread:156 - End of LoadUrlFiles Thread
2024-12-17 17:17:32,274 [INFO] ServerAccessManage:473 - Download File crdb.zip
2024-12-17 17:17:32,548 [INFO] FileExtend:240 - Unzip File : crdb.zip
2024-12-17 17:17:32,548 [INFO] FileExtend:255 - Standard Zip Deflate
2024-12-17 17:17:32,676 [INFO] LoadUrlFilesThread:156 - End of LoadUrlFiles Thread
2024-12-17 17:17:33,037 [INFO] ServerAccessManage:473 - Download File tutoVideoDB.zip
2024-12-17 17:17:33,042 [INFO] FileExtend:240 - Unzip File : tutoVideoDB.zip
2024-12-17 17:17:33,043 [INFO] FileExtend:255 - Standard Zip Deflate
2024-12-17 17:17:33,157 [INFO] LoadUrlFilesThread:156 - End of LoadUrlFiles Thread
2024-12-17 17:17:33,158 [WARN] DbFile:41 - Overriding database path with different value: C:\Users\koren\.stmcufinder\plugins\mcufinder/ => C:\Users\koren\.stmcufinder\plugins\mcufinder
2024-12-17 17:17:33,462 [INFO] ServerAccessManage:473 - Download File api_config.json
2024-12-17 17:17:33,573 [INFO] LoadUrlFilesThread:156 - End of LoadUrlFiles Thread
2024-12-17 17:17:33,575 [INFO] DbMcusAds:53 - JSON generation date=Fri Sep 20 16:04:23 IDT 2024 (1726837463113)
2024-12-17 17:17:33,589 [INFO] LoadUrlFilesThread:185 - End of LoadServerUrlFiles without Thread
2024-12-17 17:17:33,589 [INFO] TargetSelectorAdapter:259 - Refresh data is successful
2024-12-17 17:17:33,741 [INFO] ApiDb:581 - Connected to CubeFinder SQLite database (C:\Users\koren\.stmcufinder\plugins\mcufinder\mcu\cube-finder-db.db)
2024-12-17 17:17:33,795 [INFO] ApiDb:668 - CubeFinder database Data Model version=2.1
2024-12-17 17:17:33,796 [INFO] ApiDb:669 - CubeFinder database Configuration version=3.0.39
2024-12-17 17:17:33,796 [INFO] ApiDb:670 - CubeFinder database generation date=2024-11-21 (1732182206)
2024-12-17 17:17:33,796 [INFO] ApiDb:671 - CubeFinder database FW Pack versions=[FP-ATR-ASTRA1_V2.0.0, FP-SNS-FLIGHT1_V5.0.2, FP-SNS-MOTENV1_V5.0.0, FP-SNS-MOTENVWB1_V1.4.0, FP-SNS-SMARTAG2_V1.2.0, FP-SNS-STBOX1_V2.0.0, STM32Cube_FW_C0_V1.3.0, STM32Cube_FW_F4_V1.28.1, STM32Cube_FW_F7_V1.17.2, STM32Cube_FW_G0_V1.6.2, STM32Cube_FW_G4_V1.6.1, STM32Cube_FW_H5_V1.4.0, STM32Cube_FW_H7RS_V1.1.0, STM32Cube_FW_H7_V1.12.0, STM32Cube_FW_L0_V1.12.2, STM32Cube_FW_L4_V1.18.1, STM32Cube_FW_L5_V1.5.1, STM32Cube_FW_N6_V1.0.0, STM32Cube_FW_U0_V1.2.0, STM32Cube_FW_U3_V1.0.0, STM32Cube_FW_U5_V1.7.0, STM32Cube_FW_WB0_V1.1.0, STM32Cube_FW_WBA_V1.5.0, STM32Cube_FW_WB_V1.21.0, STM32Cube_FW_WL3_V1.0.0, STM32Cube_FW_WL_V1.3.0, X-CUBE-ALGOBUILD_V1.4.0, X-CUBE-ALS_V1.0.2, X-CUBE-AZRTOS-F4_V1.1.0, X-CUBE-AZRTOS-F7_V1.1.0, X-CUBE-AZRTOS-G0_V1.1.0, X-CUBE-AZRTOS-G4_V2.0.0, X-CUBE-AZRTOS-H7RS_V1.0.0, X-CUBE-AZRTOS-H7_V3.3.0, X-CUBE-AZRTOS-L4_V2.0.0, X-CUBE-AZRTOS-L5_V2.0.0, X-CUBE-AZRTOS-WB_V2.0.0, X-CUBE-AZRTOS-WL_V2.0.0, X-CUBE-BLE1_V7.0.0, X-CUBE-BLE2_V3.3.0, X-CUBE-BLEMGR_V3.1.0, X-CUBE-EEPRMA1_V5.1.0, X-CUBE-FREERTOS_V1.2.0, X-CUBE-GNSS1_V6.0.0, X-CUBE-MEMS1_V11.0.0, X-CUBE-NFC4_V3.0.0, X-CUBE-NFC7_V1.0.1, X-CUBE-SFXS2LP1_V4.0.0, X-CUBE-SUBG2_V5.0.0, X-CUBE-TOF1_V3.4.2]
2024-12-17 17:17:35,312 [INFO] ApiDb:240 - Found 371 in-development CPN: [B-G473E-ZEST1S, B-WB1M-WPAN1, B-WL5M-SUBG1, NUCLEO-C031C6, NUCLEO-H503RB, NUCLEO-H563ZI, NUCLEO-U545RE-Q, NUCLEO-U5A5ZJ-Q, NUCLEO-WBA52CG, NUCLEO-WBA55CG, STEVAL-MKBOXPRO, STEVAL-PROTEUS1, STEVAL-STWINBX1, STM320518-EVAL, STM32C0116-DK, STM32C011D6Y3TR, STM32C011D6Y6TR, STM32C011F4P3, STM32C011F4P6, STM32C011F4U3, STM32C011F4U6TR, STM32C011F6P3, STM32C011F6P6, STM32C011F6U3, STM32C011F6U6TR, STM32C011J4M3, STM32C011J4M6, STM32C011J6M3, STM32C011J6M6, STM32C0316-DK, STM32C031C4T3, STM32C031C4T6, STM32C031C4U3, STM32C031C4U6, STM32C031C6T3, STM32C031C6T6, STM32C031C6U3, STM32C031C6U6, STM32C031F4P3, STM32C031F4P6, STM32C031F6P3, STM32C031F6P6, STM32C031G4U3, STM32C031G4U6, STM32C031G6U3, STM32C031G6U6, STM32C031K4T3, STM32C031K4T6, STM32C031K4U3, STM32C031K4U6, STM32C031K6T3, STM32C031K6T6, STM32C031K6U3, STM32C031K6U6, STM32G071K8TXN, STM32G071K8UXN, STM32G081GBU6N, STM32G081KBT6N, STM32G081KBUXN, STM32G0B1CCT6N, STM32G0B1KCT6, STM32G0B1NEY6TR, STM32G0B1RCT6N, STM32G0C1CCT6, STM32G0C1CCT6N, STM32G0C1CCU6N, STM32G0C1CET6N, STM32G0C1CEU6N, STM32G0C1KCT6, STM32G0C1NEY6TR, STM32G0C1RCI6N, STM32G0C1RCT6N, STM32G0C1REI6N, STM32G0C1RET6N, STM32G0C1VCI6, STM32G0C1VEI6, STM32G471CCT6, STM32G471CCU6, STM32G471CET3, STM32G471CET6, STM32G471CEU3, STM32G471CEU6, STM32G471MCT6, STM32G471MET3, STM32G471MET6, STM32G471MEY6TR, STM32G471QCT6, STM32G471QET3, STM32G471RCT6, STM32G471RET3, STM32G471RET6, STM32G471VCH6, STM32G471VCI6, STM32G471VCT6, STM32G471VEH3, STM32G471VEH6, STM32G471VEI3, STM32G471VEI6, STM32G471VET3, STM32G471VET6, STM32G474CCT6, STM32H503CBT6, STM32H503CBU6, STM32H503EBY6TR, STM32H503KBU6, STM32H503RBT6, STM32H562AGI6, STM32H562AII6, STM32H562IGK6, STM32H562IGT6, STM32H562IIK6, STM32H562IIT6, STM32H562RGT6, STM32H562RGV6, STM32H562RIT6, STM32H562RIV6, STM32H562VGT6, STM32H562VIT6, STM32H562ZGT6, STM32H562ZIT6, STM32H563AGI6, STM32H563AII3Q, STM32H563AII6, STM32H563IGK6, STM32H563IGT6, STM32H563IIK3Q, STM32H563IIK6, STM32H563IIT3Q, STM32H563IIT6, STM32H563MIY3QTR, STM32H563RGT6, STM32H563RGV6, STM32H563RIT6, STM32H563RIV6, STM32H563VGT6, STM32H563VIT3Q, STM32H563VIT6, STM32H563ZGT6, STM32H563ZIT3Q, STM32H563ZIT6, STM32H573AII3Q, STM32H573AII6, STM32H573I-DK, STM32H573IIK3Q, STM32H573IIK6, STM32H573IIT3Q, STM32H573IIT6, STM32H573MIY3QTR, STM32H573RIT6, STM32H573RIV6, STM32H573VIT3Q, STM32H573VIT6, STM32H573ZIT3Q, STM32H573ZIT6, STM32L4R5QGI6STR, STM32MP131AAE3, STM32MP131AAF3, STM32MP131AAG3, STM32MP131CAE3, STM32MP131CAF3, STM32MP131CAG3, STM32MP131DAE7, STM32MP131DAF7, STM32MP131DAG7, STM32MP131FAE7, STM32MP131FAF7, STM32MP131FAG7, STM32MP133AAE3, STM32MP133AAF3, STM32MP133AAG3, STM32MP133CAE3, STM32MP133CAF3, STM32MP133CAG3, STM32MP133DAE7, STM32MP133DAF7, STM32MP133DAG7, STM32MP133FAE7, STM32MP133FAF7, STM32MP133FAG7, STM32MP135AAE3, STM32MP135AAF3, STM32MP135AAG3, STM32MP135CAE3, STM32MP135CAF3, STM32MP135CAG3, STM32MP135DAE7, STM32MP135DAF7, STM32MP135DAG7, STM32MP135F-DK, STM32MP135FAE7, STM32MP135FAF7, STM32MP135FAF7T, STM32MP135FAF7U, STM32MP135FAG7, STM32U535CBT6, STM32U535CBT6Q, STM32U535CBU6, STM32U535CBU6Q, STM32U535CCT6, STM32U535CCT6Q, STM32U535CCU6, STM32U535CCU6Q, STM32U535CET6, STM32U535CET6Q, STM32U535CEU6, STM32U535CEU6Q, STM32U535JEY6QTR, STM32U535NCY6QTR, STM32U535NEY6QTR, STM32U535RBI6, STM32U535RBI6Q, STM32U535RBT6, STM32U535RBT6Q, STM32U535RCI6, STM32U535RCI6Q, STM32U535RCT6, STM32U535RCT6Q, STM32U535REI6, STM32U535REI6Q, STM32U535RET6, STM32U535RET6Q, STM32U535VCI6, STM32U535VCI6Q, STM32U535VCT6, STM32U535VCT6Q, STM32U535VEI6, STM32U535VEI6Q, STM32U535VET6, STM32U535VET6Q, STM32U545CET6, STM32U545CET6Q, STM32U545CEU6, STM32U545CEU6Q, STM32U545JEY6QTR, STM32U545NEY6QTR, STM32U545REI6, STM32U545REI6Q, STM32U545RET6, STM32U545RET6Q, STM32U545VEI6, STM32U545VEI6Q, STM32U545VET6, STM32U545VET6Q, STM32U595AIH6, STM32U595AIH6Q, STM32U595AJH6, STM32U595AJH6Q, STM32U595QII6, STM32U595QII6Q, STM32U595QJI6, STM32U595QJI6Q, STM32U595RIT6, STM32U595RIT6Q, STM32U595RJT6, STM32U595RJT6Q, STM32U595VIT6, STM32U595VIT6Q, STM32U595VJT6, STM32U595VJT6Q, STM32U595ZIT6, STM32U595ZIT6Q, STM32U595ZIY6QTR, STM32U595ZJT6, STM32U595ZJT6Q, STM32U595ZJY6QTR, STM32U599BJY6QTR, STM32U599NIH6Q, STM32U599NJH6Q, STM32U599VIT6Q, STM32U599VJT6, STM32U599VJT6Q, STM32U599ZIT6Q, STM32U599ZIY6QTR, STM32U599ZJT6Q, STM32U599ZJY6QTR, STM32U5A5AJH6, STM32U5A5AJH6Q, STM32U5A5QJI6, STM32U5A5QJI6Q, STM32U5A5RJT6, STM32U5A5RJT6Q, STM32U5A5VJT6, STM32U5A5VJT6Q, STM32U5A5ZJT6, STM32U5A5ZJT6Q, STM32U5A5ZJY6QTR, STM32U5A9BJY6QTR, STM32U5A9J-DK, STM32U5A9NJH6Q, STM32U5A9VJT6Q, STM32U5A9ZJT6Q, STM32U5A9ZJY6QTR, STM32U5F7VIT6, STM32U5F7VIT6Q, STM32U5F7VJT6, STM32U5F7VJT6Q, STM32U5F9BJY6QTR, STM32U5F9NJH6Q, STM32U5F9VIT6Q, STM32U5F9VJT6Q, STM32U5F9ZIJ6QTR, STM32U5F9ZIT6Q, STM32U5F9ZJJ6QTR, STM32U5F9ZJT6Q, STM32U5G7VJT6, STM32U5G7VJT6Q, STM32U5G9BJY6QTR, STM32U5G9J-DK1, STM32U5G9J-DK2, STM32U5G9NJH6Q, STM32U5G9VJT6Q, STM32U5G9ZJJ6QTR, STM32U5G9ZJT6Q, STM32WB1MMCH6, STM32WBA50KEU6, STM32WBA50KEU6TR, STM32WBA50KGU6, STM32WBA50KGU6TR, STM32WBA52CEU6, STM32WBA52CEU6TR, STM32WBA52CEU7, STM32WBA52CEU7TR, STM32WBA52CGU6, STM32WBA52CGU6TR, STM32WBA52CGU6U, STM32WBA52CGU7, STM32WBA52CGU7TR, STM32WBA52KEU6, STM32WBA52KEU6TR, STM32WBA52KGU6, STM32WBA52KGU6TR, STM32WBA54CEU6, STM32WBA54CEU6TR, STM32WBA54CEU7, STM32WBA54CEU7TR, STM32WBA54CGU6, STM32WBA54CGU6TR, STM32WBA54CGU7, STM32WBA54CGU7TR, STM32WBA54KEU6, STM32WBA54KEU6TR, STM32WBA54KEU7, STM32WBA54KEU7TR, STM32WBA54KGU6, STM32WBA54KGU6TR, STM32WBA54KGU7, STM32WBA54KGU7TR, STM32WBA55CEU6, STM32WBA55CEU6TR, STM32WBA55CEU7, STM32WBA55CEU7TR, STM32WBA55CGU6, STM32WBA55CGU6TR, STM32WBA55CGU6U, STM32WBA55CGU7, STM32WBA55CGU7TR, STM32WBA55G-DK1, STM32WBA55HEF6, STM32WBA55HEF7, STM32WBA55HGF6, STM32WBA55HGF7, STM32WBA55UEI6, STM32WBA55UEI6TR, STM32WBA55UEI7, STM32WBA55UEI7TR, STM32WBA55UGI6, STM32WBA55UGI6TR, STM32WBA55UGI7, STM32WBA55UGI7TR, STM32WL5MOCH6, STM32WL5MOCH6TR]
2024-12-17 17:17:35,317 [INFO] DbMcus:218 - Found 4389 MCUs, 4389 are supported
2024-12-17 17:17:35,317 [INFO] ApiDb:423 - Load user favorites file C:\Users\koren/.stm32cubeide/favorites.mcus.txt: 0 item(s)
2024-12-17 17:17:35,318 [INFO] ApiDb:427 - User favorites MCUs=[]
2024-12-17 17:17:35,318 [INFO] DbMcus:224 - Set 0 / 0 favorites MCUs
2024-12-17 17:17:35,575 [INFO] ApiDb:668 - CubeFinder database Data Model version=2.1
2024-12-17 17:17:35,575 [INFO] ApiDb:669 - CubeFinder database Configuration version=3.0.39
2024-12-17 17:17:35,575 [INFO] ApiDb:670 - CubeFinder database generation date=2024-11-21 (1732182206)
2024-12-17 17:17:35,575 [INFO] ApiDb:671 - CubeFinder database FW Pack versions=[FP-ATR-ASTRA1_V2.0.0, FP-SNS-FLIGHT1_V5.0.2, FP-SNS-MOTENV1_V5.0.0, FP-SNS-MOTENVWB1_V1.4.0, FP-SNS-SMARTAG2_V1.2.0, FP-SNS-STBOX1_V2.0.0, STM32Cube_FW_C0_V1.3.0, STM32Cube_FW_F4_V1.28.1, STM32Cube_FW_F7_V1.17.2, STM32Cube_FW_G0_V1.6.2, STM32Cube_FW_G4_V1.6.1, STM32Cube_FW_H5_V1.4.0, STM32Cube_FW_H7RS_V1.1.0, STM32Cube_FW_H7_V1.12.0, STM32Cube_FW_L0_V1.12.2, STM32Cube_FW_L4_V1.18.1, STM32Cube_FW_L5_V1.5.1, STM32Cube_FW_N6_V1.0.0, STM32Cube_FW_U0_V1.2.0, STM32Cube_FW_U3_V1.0.0, STM32Cube_FW_U5_V1.7.0, STM32Cube_FW_WB0_V1.1.0, STM32Cube_FW_WBA_V1.5.0, STM32Cube_FW_WB_V1.21.0, STM32Cube_FW_WL3_V1.0.0, STM32Cube_FW_WL_V1.3.0, X-CUBE-ALGOBUILD_V1.4.0, X-CUBE-ALS_V1.0.2, X-CUBE-AZRTOS-F4_V1.1.0, X-CUBE-AZRTOS-F7_V1.1.0, X-CUBE-AZRTOS-G0_V1.1.0, X-CUBE-AZRTOS-G4_V2.0.0, X-CUBE-AZRTOS-H7RS_V1.0.0, X-CUBE-AZRTOS-H7_V3.3.0, X-CUBE-AZRTOS-L4_V2.0.0, X-CUBE-AZRTOS-L5_V2.0.0, X-CUBE-AZRTOS-WB_V2.0.0, X-CUBE-AZRTOS-WL_V2.0.0, X-CUBE-BLE1_V7.0.0, X-CUBE-BLE2_V3.3.0, X-CUBE-BLEMGR_V3.1.0, X-CUBE-EEPRMA1_V5.1.0, X-CUBE-FREERTOS_V1.2.0, X-CUBE-GNSS1_V6.0.0, X-CUBE-MEMS1_V11.0.0, X-CUBE-NFC4_V3.0.0, X-CUBE-NFC7_V1.0.1, X-CUBE-SFXS2LP1_V4.0.0, X-CUBE-SUBG2_V5.0.0, X-CUBE-TOF1_V3.4.2]
2024-12-17 17:17:35,625 [INFO] DbBoardsSqlite:226 - include board P-NUCLEO-WB55-NUCLEO as a kit item of type 'Nucleo-64'
2024-12-17 17:17:35,625 [INFO] DbBoardsSqlite:226 - include board P-NUCLEO-WB55-USBDONGLE as a kit item of type 'Nucleo USB Dongle'
2024-12-17 17:17:35,626 [INFO] DbBoardsSqlite:226 - include board STEVAL-IDP005V1 as a kit item of type 'Evaluation Board'
2024-12-17 17:17:35,626 [INFO] DbBoardsSqlite:226 - include board STEVAL-IDP005V2 as a kit item of type 'Evaluation Board'
2024-12-17 17:17:35,684 [INFO] ApiDb:240 - Found 371 in-development CPN: [B-G473E-ZEST1S, B-WB1M-WPAN1, B-WL5M-SUBG1, NUCLEO-C031C6, NUCLEO-H503RB, NUCLEO-H563ZI, NUCLEO-U545RE-Q, NUCLEO-U5A5ZJ-Q, NUCLEO-WBA52CG, NUCLEO-WBA55CG, STEVAL-MKBOXPRO, STEVAL-PROTEUS1, STEVAL-STWINBX1, STM320518-EVAL, STM32C0116-DK, STM32C011D6Y3TR, STM32C011D6Y6TR, STM32C011F4P3, STM32C011F4P6, STM32C011F4U3, STM32C011F4U6TR, STM32C011F6P3, STM32C011F6P6, STM32C011F6U3, STM32C011F6U6TR, STM32C011J4M3, STM32C011J4M6, STM32C011J6M3, STM32C011J6M6, STM32C0316-DK, STM32C031C4T3, STM32C031C4T6, STM32C031C4U3, STM32C031C4U6, STM32C031C6T3, STM32C031C6T6, STM32C031C6U3, STM32C031C6U6, STM32C031F4P3, STM32C031F4P6, STM32C031F6P3, STM32C031F6P6, STM32C031G4U3, STM32C031G4U6, STM32C031G6U3, STM32C031G6U6, STM32C031K4T3, STM32C031K4T6, STM32C031K4U3, STM32C031K4U6, STM32C031K6T3, STM32C031K6T6, STM32C031K6U3, STM32C031K6U6, STM32G071K8TXN, STM32G071K8UXN, STM32G081GBU6N, STM32G081KBT6N, STM32G081KBUXN, STM32G0B1CCT6N, STM32G0B1KCT6, STM32G0B1NEY6TR, STM32G0B1RCT6N, STM32G0C1CCT6, STM32G0C1CCT6N, STM32G0C1CCU6N, STM32G0C1CET6N, STM32G0C1CEU6N, STM32G0C1KCT6, STM32G0C1NEY6TR, STM32G0C1RCI6N, STM32G0C1RCT6N, STM32G0C1REI6N, STM32G0C1RET6N, STM32G0C1VCI6, STM32G0C1VEI6, STM32G471CCT6, STM32G471CCU6, STM32G471CET3, STM32G471CET6, STM32G471CEU3, STM32G471CEU6, STM32G471MCT6, STM32G471MET3, STM32G471MET6, STM32G471MEY6TR, STM32G471QCT6, STM32G471QET3, STM32G471RCT6, STM32G471RET3, STM32G471RET6, STM32G471VCH6, STM32G471VCI6, STM32G471VCT6, STM32G471VEH3, STM32G471VEH6, STM32G471VEI3, STM32G471VEI6, STM32G471VET3, STM32G471VET6, STM32G474CCT6, STM32H503CBT6, STM32H503CBU6, STM32H503EBY6TR, STM32H503KBU6, STM32H503RBT6, STM32H562AGI6, STM32H562AII6, STM32H562IGK6, STM32H562IGT6, STM32H562IIK6, STM32H562IIT6, STM32H562RGT6, STM32H562RGV6, STM32H562RIT6, STM32H562RIV6, STM32H562VGT6, STM32H562VIT6, STM32H562ZGT6, STM32H562ZIT6, STM32H563AGI6, STM32H563AII3Q, STM32H563AII6, STM32H563IGK6, STM32H563IGT6, STM32H563IIK3Q, STM32H563IIK6, STM32H563IIT3Q, STM32H563IIT6, STM32H563MIY3QTR, STM32H563RGT6, STM32H563RGV6, STM32H563RIT6, STM32H563RIV6, STM32H563VGT6, STM32H563VIT3Q, STM32H563VIT6, STM32H563ZGT6, STM32H563ZIT3Q, STM32H563ZIT6, STM32H573AII3Q, STM32H573AII6, STM32H573I-DK, STM32H573IIK3Q, STM32H573IIK6, STM32H573IIT3Q, STM32H573IIT6, STM32H573MIY3QTR, STM32H573RIT6, STM32H573RIV6, STM32H573VIT3Q, STM32H573VIT6, STM32H573ZIT3Q, STM32H573ZIT6, STM32L4R5QGI6STR, STM32MP131AAE3, STM32MP131AAF3, STM32MP131AAG3, STM32MP131CAE3, STM32MP131CAF3, STM32MP131CAG3, STM32MP131DAE7, STM32MP131DAF7, STM32MP131DAG7, STM32MP131FAE7, STM32MP131FAF7, STM32MP131FAG7, STM32MP133AAE3, STM32MP133AAF3, STM32MP133AAG3, STM32MP133CAE3, STM32MP133CAF3, STM32MP133CAG3, STM32MP133DAE7, STM32MP133DAF7, STM32MP133DAG7, STM32MP133FAE7, STM32MP133FAF7, STM32MP133FAG7, STM32MP135AAE3, STM32MP135AAF3, STM32MP135AAG3, STM32MP135CAE3, STM32MP135CAF3, STM32MP135CAG3, STM32MP135DAE7, STM32MP135DAF7, STM32MP135DAG7, STM32MP135F-DK, STM32MP135FAE7, STM32MP135FAF7, STM32MP135FAF7T, STM32MP135FAF7U, STM32MP135FAG7, STM32U535CBT6, STM32U535CBT6Q, STM32U535CBU6, STM32U535CBU6Q, STM32U535CCT6, STM32U535CCT6Q, STM32U535CCU6, STM32U535CCU6Q, STM32U535CET6, STM32U535CET6Q, STM32U535CEU6, STM32U535CEU6Q, STM32U535JEY6QTR, STM32U535NCY6QTR, STM32U535NEY6QTR, STM32U535RBI6, STM32U535RBI6Q, STM32U535RBT6, STM32U535RBT6Q, STM32U535RCI6, STM32U535RCI6Q, STM32U535RCT6, STM32U535RCT6Q, STM32U535REI6, STM32U535REI6Q, STM32U535RET6, STM32U535RET6Q, STM32U535VCI6, STM32U535VCI6Q, STM32U535VCT6, STM32U535VCT6Q, STM32U535VEI6, STM32U535VEI6Q, STM32U535VET6, STM32U535VET6Q, STM32U545CET6, STM32U545CET6Q, STM32U545CEU6, STM32U545CEU6Q, STM32U545JEY6QTR, STM32U545NEY6QTR, STM32U545REI6, STM32U545REI6Q, STM32U545RET6, STM32U545RET6Q, STM32U545VEI6, STM32U545VEI6Q, STM32U545VET6, STM32U545VET6Q, STM32U595AIH6, STM32U595AIH6Q, STM32U595AJH6, STM32U595AJH6Q, STM32U595QII6, STM32U595QII6Q, STM32U595QJI6, STM32U595QJI6Q, STM32U595RIT6, STM32U595RIT6Q, STM32U595RJT6, STM32U595RJT6Q, STM32U595VIT6, STM32U595VIT6Q, STM32U595VJT6, STM32U595VJT6Q, STM32U595ZIT6, STM32U595ZIT6Q, STM32U595ZIY6QTR, STM32U595ZJT6, STM32U595ZJT6Q, STM32U595ZJY6QTR, STM32U599BJY6QTR, STM32U599NIH6Q, STM32U599NJH6Q, STM32U599VIT6Q, STM32U599VJT6, STM32U599VJT6Q, STM32U599ZIT6Q, STM32U599ZIY6QTR, STM32U599ZJT6Q, STM32U599ZJY6QTR, STM32U5A5AJH6, STM32U5A5AJH6Q, STM32U5A5QJI6, STM32U5A5QJI6Q, STM32U5A5RJT6, STM32U5A5RJT6Q, STM32U5A5VJT6, STM32U5A5VJT6Q, STM32U5A5ZJT6, STM32U5A5ZJT6Q, STM32U5A5ZJY6QTR, STM32U5A9BJY6QTR, STM32U5A9J-DK, STM32U5A9NJH6Q, STM32U5A9VJT6Q, STM32U5A9ZJT6Q, STM32U5A9ZJY6QTR, STM32U5F7VIT6, STM32U5F7VIT6Q, STM32U5F7VJT6, STM32U5F7VJT6Q, STM32U5F9BJY6QTR, STM32U5F9NJH6Q, STM32U5F9VIT6Q, STM32U5F9VJT6Q, STM32U5F9ZIJ6QTR, STM32U5F9ZIT6Q, STM32U5F9ZJJ6QTR, STM32U5F9ZJT6Q, STM32U5G7VJT6, STM32U5G7VJT6Q, STM32U5G9BJY6QTR, STM32U5G9J-DK1, STM32U5G9J-DK2, STM32U5G9NJH6Q, STM32U5G9VJT6Q, STM32U5G9ZJJ6QTR, STM32U5G9ZJT6Q, STM32WB1MMCH6, STM32WBA50KEU6, STM32WBA50KEU6TR, STM32WBA50KGU6, STM32WBA50KGU6TR, STM32WBA52CEU6, STM32WBA52CEU6TR, STM32WBA52CEU7, STM32WBA52CEU7TR, STM32WBA52CGU6, STM32WBA52CGU6TR, STM32WBA52CGU6U, STM32WBA52CGU7, STM32WBA52CGU7TR, STM32WBA52KEU6, STM32WBA52KEU6TR, STM32WBA52KGU6, STM32WBA52KGU6TR, STM32WBA54CEU6, STM32WBA54CEU6TR, STM32WBA54CEU7, STM32WBA54CEU7TR, STM32WBA54CGU6, STM32WBA54CGU6TR, STM32WBA54CGU7, STM32WBA54CGU7TR, STM32WBA54KEU6, STM32WBA54KEU6TR, STM32WBA54KEU7, STM32WBA54KEU7TR, STM32WBA54KGU6, STM32WBA54KGU6TR, STM32WBA54KGU7, STM32WBA54KGU7TR, STM32WBA55CEU6, STM32WBA55CEU6TR, STM32WBA55CEU7, STM32WBA55CEU7TR, STM32WBA55CGU6, STM32WBA55CGU6TR, STM32WBA55CGU6U, STM32WBA55CGU7, STM32WBA55CGU7TR, STM32WBA55G-DK1, STM32WBA55HEF6, STM32WBA55HEF7, STM32WBA55HGF6, STM32WBA55HGF7, STM32WBA55UEI6, STM32WBA55UEI6TR, STM32WBA55UEI7, STM32WBA55UEI7TR, STM32WBA55UGI6, STM32WBA55UGI6TR, STM32WBA55UGI7, STM32WBA55UGI7TR, STM32WL5MOCH6, STM32WL5MOCH6TR]
2024-12-17 17:17:35,723 [INFO] BoardInfo:889 - No configuration file found for board NUCLEO-C071RB
2024-12-17 17:17:35,723 [INFO] DbBoards:161 - Board is not supported: NUCLEO-C071RB
2024-12-17 17:17:35,782 [INFO] BoardInfo:889 - No configuration file found for board NUCLEO-H533RE
2024-12-17 17:17:35,782 [INFO] DbBoards:161 - Board is not supported: NUCLEO-H533RE
2024-12-17 17:17:35,796 [INFO] BoardInfo:889 - No configuration file found for board NUCLEO-H7S3L8
2024-12-17 17:17:35,797 [INFO] DbBoards:161 - Board is not supported: NUCLEO-H7S3L8
2024-12-17 17:17:35,829 [INFO] BoardInfo:889 - No configuration file found for board NUCLEO-U031R8
2024-12-17 17:17:35,830 [INFO] DbBoards:161 - Board is not supported: NUCLEO-U031R8
2024-12-17 17:17:35,831 [INFO] BoardInfo:889 - No configuration file found for board NUCLEO-U083RC
2024-12-17 17:17:35,832 [INFO] DbBoards:161 - Board is not supported: NUCLEO-U083RC
2024-12-17 17:17:35,838 [INFO] BoardInfo:889 - No configuration file found for board NUCLEO-WB05KZ
2024-12-17 17:17:35,838 [INFO] DbBoards:161 - Board is not supported: NUCLEO-WB05KZ
2024-12-17 17:17:35,840 [INFO] BoardInfo:889 - No configuration file found for board NUCLEO-WB07CC
2024-12-17 17:17:35,841 [INFO] DbBoards:161 - Board is not supported: NUCLEO-WB07CC
2024-12-17 17:17:35,842 [INFO] BoardInfo:889 - No configuration file found for board NUCLEO-WB09KE
2024-12-17 17:17:35,842 [INFO] DbBoards:161 - Board is not supported: NUCLEO-WB09KE
2024-12-17 17:17:35,854 [INFO] BoardInfo:889 - No configuration file found for board P-NUCLEO-WB55
2024-12-17 17:17:35,854 [INFO] DbBoards:161 - Kit is not supported: P-NUCLEO-WB55
2024-12-17 17:17:35,859 [INFO] BoardInfo:889 - No configuration file found for board STEVAL-BFA001V1B
2024-12-17 17:17:35,859 [INFO] DbBoards:161 - Kit is not supported: STEVAL-BFA001V1B
2024-12-17 17:17:35,861 [INFO] BoardInfo:889 - No configuration file found for board STEVAL-BFA001V2B
2024-12-17 17:17:35,862 [INFO] DbBoards:161 - Kit is not supported: STEVAL-BFA001V2B
2024-12-17 17:17:35,939 [INFO] BoardInfo:889 - No configuration file found for board STM32H7S78-DK
2024-12-17 17:17:35,939 [INFO] DbBoards:161 - Board is not supported: STM32H7S78-DK
2024-12-17 17:17:35,958 [INFO] BoardInfo:889 - No configuration file found for board STM32MP257F-DK
2024-12-17 17:17:35,958 [INFO] DbBoards:161 - Board is not supported: STM32MP257F-DK
2024-12-17 17:17:35,959 [INFO] BoardInfo:889 - No configuration file found for board STM32MP257F-EV1
2024-12-17 17:17:35,959 [INFO] DbBoards:161 - Board is not supported: STM32MP257F-EV1
2024-12-17 17:17:35,960 [INFO] BoardInfo:889 - No configuration file found for board STM32U083C-DK
2024-12-17 17:17:35,960 [INFO] DbBoards:161 - Board is not supported: STM32U083C-DK
2024-12-17 17:17:35,968 [INFO] DbBoards:168 - Found 201 boards, 186 are supported
2024-12-17 17:17:35,968 [INFO] DbBoards:169 - Found 201 boards, 3 of them is supported for  Bsp
2024-12-17 17:17:35,983 [INFO] ApiDb:423 - Load user favorites file C:\Users\koren/.stm32cubeide/favorites.boards.txt: 0 item(s)
2024-12-17 17:17:35,983 [INFO] ApiDb:427 - User favorites Boards=[]
2024-12-17 17:17:35,983 [INFO] DbBoards:198 - Set 0 / 0 favorites Boards
2024-12-17 17:17:36,015 [INFO] ApiDb:668 - CubeFinder database Data Model version=2.1
2024-12-17 17:17:36,015 [INFO] ApiDb:669 - CubeFinder database Configuration version=3.0.39
2024-12-17 17:17:36,015 [INFO] ApiDb:670 - CubeFinder database generation date=2024-11-21 (1732182206)
2024-12-17 17:17:36,015 [INFO] ApiDb:671 - CubeFinder database FW Pack versions=[FP-ATR-ASTRA1_V2.0.0, FP-SNS-FLIGHT1_V5.0.2, FP-SNS-MOTENV1_V5.0.0, FP-SNS-MOTENVWB1_V1.4.0, FP-SNS-SMARTAG2_V1.2.0, FP-SNS-STBOX1_V2.0.0, STM32Cube_FW_C0_V1.3.0, STM32Cube_FW_F4_V1.28.1, STM32Cube_FW_F7_V1.17.2, STM32Cube_FW_G0_V1.6.2, STM32Cube_FW_G4_V1.6.1, STM32Cube_FW_H5_V1.4.0, STM32Cube_FW_H7RS_V1.1.0, STM32Cube_FW_H7_V1.12.0, STM32Cube_FW_L0_V1.12.2, STM32Cube_FW_L4_V1.18.1, STM32Cube_FW_L5_V1.5.1, STM32Cube_FW_N6_V1.0.0, STM32Cube_FW_U0_V1.2.0, STM32Cube_FW_U3_V1.0.0, STM32Cube_FW_U5_V1.7.0, STM32Cube_FW_WB0_V1.1.0, STM32Cube_FW_WBA_V1.5.0, STM32Cube_FW_WB_V1.21.0, STM32Cube_FW_WL3_V1.0.0, STM32Cube_FW_WL_V1.3.0, X-CUBE-ALGOBUILD_V1.4.0, X-CUBE-ALS_V1.0.2, X-CUBE-AZRTOS-F4_V1.1.0, X-CUBE-AZRTOS-F7_V1.1.0, X-CUBE-AZRTOS-G0_V1.1.0, X-CUBE-AZRTOS-G4_V2.0.0, X-CUBE-AZRTOS-H7RS_V1.0.0, X-CUBE-AZRTOS-H7_V3.3.0, X-CUBE-AZRTOS-L4_V2.0.0, X-CUBE-AZRTOS-L5_V2.0.0, X-CUBE-AZRTOS-WB_V2.0.0, X-CUBE-AZRTOS-WL_V2.0.0, X-CUBE-BLE1_V7.0.0, X-CUBE-BLE2_V3.3.0, X-CUBE-BLEMGR_V3.1.0, X-CUBE-EEPRMA1_V5.1.0, X-CUBE-FREERTOS_V1.2.0, X-CUBE-GNSS1_V6.0.0, X-CUBE-MEMS1_V11.0.0, X-CUBE-NFC4_V3.0.0, X-CUBE-NFC7_V1.0.1, X-CUBE-SFXS2LP1_V4.0.0, X-CUBE-SUBG2_V5.0.0, X-CUBE-TOF1_V3.4.2]
2024-12-17 17:17:36,532 [ERROR] DbExamplesSqlite:437 - Missing JSON key: board_cpn
2024-12-17 17:17:36,533 [ERROR] DbExamplesSqlite:437 - Missing JSON key: board_cpn
2024-12-17 17:17:36,533 [ERROR] DbExamplesSqlite:437 - Missing JSON key: board_cpn
2024-12-17 17:17:36,533 [ERROR] DbExamplesSqlite:437 - Missing JSON key: board_cpn
2024-12-17 17:17:36,626 [ERROR] DbExamplesSqlite:437 - Missing JSON key: board_cpn
2024-12-17 17:17:36,626 [ERROR] DbExamplesSqlite:437 - Missing JSON key: board_cpn
2024-12-17 17:17:36,626 [ERROR] DbExamplesSqlite:437 - Missing JSON key: board_cpn
2024-12-17 17:17:36,626 [ERROR] DbExamplesSqlite:437 - Missing JSON key: board_cpn
2024-12-17 17:17:36,626 [ERROR] DbExamplesSqlite:437 - Missing JSON key: board_cpn
2024-12-17 17:17:36,626 [ERROR] DbExamplesSqlite:437 - Missing JSON key: board_cpn
2024-12-17 17:17:36,627 [ERROR] DbExamplesSqlite:437 - Missing JSON key: board_cpn
2024-12-17 17:17:36,627 [ERROR] DbExamplesSqlite:437 - Missing JSON key: board_cpn
2024-12-17 17:17:36,627 [ERROR] DbExamplesSqlite:437 - Missing JSON key: board_cpn
2024-12-17 17:17:36,741 [INFO] DbExamplesSqlite:395 - Ignored 77 examples not supported by CubeIDE
2024-12-17 17:17:36,742 [INFO] DbExamplesSqlite:396 - Found 10474 examples active
2024-12-17 17:17:36,742 [INFO] DbExamplesSqlite:397 - Found 0 examples obsolete
2024-12-17 17:17:36,742 [INFO] DbExamplesSqlite:398 - Found 0 examples under development
2024-12-17 17:17:36,742 [INFO] DbExamplesSqlite:399 - Found 43 examples not building
2024-12-17 17:17:36,743 [INFO] DbExamples:125 - Found 10440 examples
2024-12-17 17:17:36,837 [ERROR] DbExamples:208 - Found 682 examples with invalid data (board or MCU)
2024-12-17 17:17:36,838 [INFO] DbExamples:222 - Found 124 boards with related examples
2024-12-17 17:17:36,838 [INFO] DbExamples:235 - Found 105 MCUs with related examples
2024-12-17 17:17:36,850 [INFO] ApiDb:423 - Load user favorites file C:\Users\koren/.stm32cubeide/favorites.examples.txt: 0 item(s)
2024-12-17 17:17:36,850 [INFO] ApiDb:427 - User favorites Examples=[]
2024-12-17 17:17:36,850 [INFO] DbExamples:250 - Set 0 / 0 favorites Examples
2024-12-17 17:17:37,079 [INFO] McuFinderGlobals:76 - Set McuFinderConnectedMode to true
2024-12-17 17:17:37,086 [INFO] MultiScanPanel:200 - Auto-refresh data requested => check proxy status ongoing
2024-12-17 17:17:37,089 [INFO] FinderPluginLoader:95 - Searching for filters in installed packs
2024-12-17 17:17:37,895 [INFO] LoadUrlFilesThread:185 - End of LoadServerUrlFiles without Thread
2024-12-17 17:17:37,925 [INFO] DetailPanel:341 - Set advertising image to C:/Users/koren/STM32Cube/Repository/\en.prom-stm32c071-usb-memories-mcu-finder.png
2024-12-17 17:17:45,500 [ERROR] LogOutputStream:75 - [STDERR_REDIRECT] SLF4J: Failed to load class "org.slf4j.impl.StaticLoggerBinder".
2024-12-17 17:17:45,501 [ERROR] LogOutputStream:75 - [STDERR_REDIRECT] SLF4J: Defaulting to no-operation (NOP) logger implementation
2024-12-17 17:17:45,502 [ERROR] LogOutputStream:75 - [STDERR_REDIRECT] SLF4J: See http://www.slf4j.org/codes.html#StaticLoggerBinder for further details.
2024-12-17 17:18:16,229 [INFO] MainUpdater:2873 - connection check result : 10
2024-12-17 17:18:16,231 [INFO] MainUpdater:2873 - connection check result : 10
2024-12-17 17:18:16,269 [INFO] MicroXplorer:468 - Change Database Path : 
2024-12-17 17:18:16,269 [INFO] MicroXplorer:498 - Change Database Version : DB.6.0.100
2024-12-17 17:18:16,274 [WARN] ThirdParty:871 - waiting for thirdparty lock release [close project]
2024-12-17 17:18:16,274 [INFO] ThirdParty:873 - entering critical section [close project]
2024-12-17 17:18:16,276 [INFO] ThirdParty:883 - exiting critical section [close project]
2024-12-17 17:18:16,279 [INFO] PinOutPanel:1499 - setPackage(No Configuration,No Configuration)
2024-12-17 17:18:16,282 [INFO] UtilMem:75 - Begin LoadConfig() Used Memory: 632613424 Bytes (993001472)
2024-12-17 17:18:16,284 [INFO] MicroXplorer:468 - Change Database Path : 
2024-12-17 17:18:16,284 [INFO] MicroXplorer:498 - Change Database Version : DB.6.0.100
2024-12-17 17:18:16,284 [INFO] OpenFileManager:312 - Change cursor
2024-12-17 17:18:16,360 [INFO] Mcu:2016 - Initializing MCU STM32F401CCUx STM32F401CCUx STM32F401CCU6
2024-12-17 17:18:17,617 [INFO] Context:659 - Trying to add GPIOservice into a context  which must be forbidden
2024-12-17 17:18:17,863 [INFO] ImportTextPane:194 - (OptionalMessage_ERROR) Unable to find key (Mcu.ThirdPartyNb) in loaded IOC file
2024-12-17 17:18:17,864 [INFO] ImportTextPane:194 - (OptionalMessage_ERROR) Unable to find key (Mcu.PinsNb) in loaded IOC file
2024-12-17 17:18:17,864 [INFO] ImportTextPane:194 - (OptionalMessage_ERROR) Unable to find key (Mcu.IPNb) in loaded IOC file
2024-12-17 17:18:17,979 [INFO] RtosManager:555 - Registered RTOS mode: class=CMSIS, group=RTOS, mode=CMSIS_V1, owner=FREERTOS
2024-12-17 17:18:17,979 [INFO] RtosManager:555 - Registered RTOS mode: class=CMSIS, group=RTOS2, mode=CMSIS_V2, owner=FREERTOS
2024-12-17 17:18:17,979 [INFO] RtosManager:555 - Registered RTOS mode: class=RTOS, group=Core, mode=CMSIS_V1, owner=FREERTOS
2024-12-17 17:18:17,979 [INFO] RtosManager:555 - Registered RTOS mode: class=RTOS, group=Core, mode=CMSIS_V2, owner=FREERTOS
2024-12-17 17:18:17,979 [WARN] ModelIntegratedComponent:184 - Missing modes for component STMicroelectronics:FreeRTOS:0.0.1:STMicroelectronics:RTOS:FreeRTOS:Core:::10.2.0:
2024-12-17 17:18:17,983 [WARN] ModelIntegratedComponent:63 - No mode defined for component null
2024-12-17 17:18:17,984 [WARN] ModelIntegratedComponent:63 - No mode defined for component null
2024-12-17 17:18:17,984 [WARN] ModelIntegratedComponent:63 - No mode defined for component null
2024-12-17 17:18:17,984 [WARN] ModelIntegratedComponent:63 - No mode defined for component null
2024-12-17 17:18:17,984 [WARN] ModelIntegratedComponent:63 - No mode defined for component null
2024-12-17 17:18:17,984 [WARN] ModelIntegratedComponent:63 - No mode defined for component null
2024-12-17 17:18:17,984 [WARN] ModelIntegratedComponent:63 - No mode defined for component null
2024-12-17 17:18:17,984 [WARN] ModelIntegratedComponent:63 - No mode defined for component null
2024-12-17 17:18:17,984 [WARN] ModelIntegratedComponent:63 - No mode defined for component null
2024-12-17 17:18:17,984 [WARN] ModelIntegratedComponent:63 - No mode defined for component null
2024-12-17 17:18:17,984 [WARN] ModelIntegratedComponent:63 - No mode defined for component null
2024-12-17 17:18:17,984 [WARN] ModelIntegratedComponent:63 - No mode defined for component null
2024-12-17 17:18:17,984 [WARN] ModelIntegratedComponent:63 - No mode defined for component null
2024-12-17 17:18:17,984 [WARN] ModelIntegratedComponent:63 - No mode defined for component null
2024-12-17 17:18:17,984 [WARN] ModelIntegratedComponent:63 - No mode defined for component null
2024-12-17 17:18:17,984 [WARN] ModelIntegratedComponent:63 - No mode defined for component null
2024-12-17 17:18:17,984 [WARN] ModelIntegratedComponent:63 - No mode defined for component null
2024-12-17 17:18:17,984 [WARN] ModelIntegratedComponent:63 - No mode defined for component null
2024-12-17 17:18:17,984 [WARN] ModelIntegratedComponent:63 - No mode defined for component null
2024-12-17 17:18:17,984 [WARN] ModelIntegratedComponent:63 - No mode defined for component null
2024-12-17 17:18:17,984 [WARN] ModelIntegratedComponent:63 - No mode defined for component null
2024-12-17 17:18:17,984 [WARN] ModelIntegratedComponent:63 - No mode defined for component null
2024-12-17 17:18:17,984 [WARN] ModelIntegratedComponent:63 - No mode defined for component null
2024-12-17 17:18:17,984 [WARN] ModelIntegratedComponent:63 - No mode defined for component null
2024-12-17 17:18:17,984 [WARN] ModelIntegratedComponent:63 - No mode defined for component null
2024-12-17 17:18:17,984 [WARN] ModelIntegratedComponent:63 - No mode defined for component null
2024-12-17 17:18:17,985 [WARN] ModelIntegratedComponent:63 - No mode defined for component null
2024-12-17 17:18:17,985 [WARN] ModelIntegratedComponent:63 - No mode defined for component null
2024-12-17 17:18:17,985 [WARN] ModelIntegratedComponent:63 - No mode defined for component null
2024-12-17 17:18:17,985 [WARN] ModelIntegratedComponent:63 - No mode defined for component null
2024-12-17 17:18:17,985 [WARN] ModelIntegratedComponent:63 - No mode defined for component null
2024-12-17 17:18:17,985 [WARN] ModelIntegratedComponent:63 - No mode defined for component null
2024-12-17 17:18:17,985 [WARN] ModelIntegratedComponent:63 - No mode defined for component null
2024-12-17 17:18:17,987 [WARN] ModelIntegratedComponent:182 - Modes not found for component STMicroelectronics:USB_DEVICE:1.0.0:STMicroelectronics:USB::USB Device:Audio HS::1.0:USB_DEVICE_1_0_RESTRICTED_HS
2024-12-17 17:18:17,987 [WARN] ModelIntegratedComponent:188 - Modes not found for component STMicroelectronics:USB_DEVICE:1.0.0:STMicroelectronics:USB::USB Device:Audio HS::1.0:USB_DEVICE_1_0_RESTRICTED_HS
2024-12-17 17:18:17,987 [WARN] ModelIntegratedComponent:182 - Modes not found for component STMicroelectronics:USB_DEVICE:1.0.0:STMicroelectronics:USB::USB Device:CDC HS::1.0:USB_DEVICE_1_0_RESTRICTED_HS
2024-12-17 17:18:17,987 [WARN] ModelIntegratedComponent:188 - Modes not found for component STMicroelectronics:USB_DEVICE:1.0.0:STMicroelectronics:USB::USB Device:CDC HS::1.0:USB_DEVICE_1_0_RESTRICTED_HS
2024-12-17 17:18:17,987 [WARN] ModelIntegratedComponent:182 - Modes not found for component STMicroelectronics:USB_DEVICE:1.0.0:STMicroelectronics:USB::USB Device:DFU HS::1.0:USB_DEVICE_1_0_RESTRICTED_HS
2024-12-17 17:18:17,987 [WARN] ModelIntegratedComponent:188 - Modes not found for component STMicroelectronics:USB_DEVICE:1.0.0:STMicroelectronics:USB::USB Device:DFU HS::1.0:USB_DEVICE_1_0_RESTRICTED_HS
2024-12-17 17:18:17,987 [WARN] ModelIntegratedComponent:182 - Modes not found for component STMicroelectronics:USB_DEVICE:1.0.0:STMicroelectronics:USB::USB Device:HID HS::1.0:USB_DEVICE_1_0_RESTRICTED_HS
2024-12-17 17:18:17,987 [WARN] ModelIntegratedComponent:188 - Modes not found for component STMicroelectronics:USB_DEVICE:1.0.0:STMicroelectronics:USB::USB Device:HID HS::1.0:USB_DEVICE_1_0_RESTRICTED_HS
2024-12-17 17:18:17,987 [WARN] ModelIntegratedComponent:182 - Modes not found for component STMicroelectronics:USB_DEVICE:1.0.0:STMicroelectronics:USB::USB Device:Custom HID HS::1.0:USB_DEVICE_1_0_RESTRICTED_HS
2024-12-17 17:18:17,987 [WARN] ModelIntegratedComponent:188 - Modes not found for component STMicroelectronics:USB_DEVICE:1.0.0:STMicroelectronics:USB::USB Device:Custom HID HS::1.0:USB_DEVICE_1_0_RESTRICTED_HS
2024-12-17 17:18:17,987 [WARN] ModelIntegratedComponent:182 - Modes not found for component STMicroelectronics:USB_DEVICE:1.0.0:STMicroelectronics:USB::USB Device:MSC HS::1.0:USB_DEVICE_1_0_RESTRICTED_HS
2024-12-17 17:18:17,987 [WARN] ModelIntegratedComponent:188 - Modes not found for component STMicroelectronics:USB_DEVICE:1.0.0:STMicroelectronics:USB::USB Device:MSC HS::1.0:USB_DEVICE_1_0_RESTRICTED_HS
2024-12-17 17:18:18,003 [WARN] ModelIntegratedComponent:182 - Modes not found for component STMicroelectronics:USB_HOST:1.0.0:STMicroelectronics:USB::USB Host:Audio HS::1.0:USB_HOST_1_0_RESTRICTED_HS
2024-12-17 17:18:18,003 [WARN] ModelIntegratedComponent:188 - Modes not found for component STMicroelectronics:USB_HOST:1.0.0:STMicroelectronics:USB::USB Host:Audio HS::1.0:USB_HOST_1_0_RESTRICTED_HS
2024-12-17 17:18:18,003 [WARN] ModelIntegratedComponent:182 - Modes not found for component STMicroelectronics:USB_HOST:1.0.0:STMicroelectronics:USB::USB Host:CDC HS::1.0:USB_HOST_1_0_RESTRICTED_HS
2024-12-17 17:18:18,003 [WARN] ModelIntegratedComponent:188 - Modes not found for component STMicroelectronics:USB_HOST:1.0.0:STMicroelectronics:USB::USB Host:CDC HS::1.0:USB_HOST_1_0_RESTRICTED_HS
2024-12-17 17:18:18,003 [WARN] ModelIntegratedComponent:182 - Modes not found for component STMicroelectronics:USB_HOST:1.0.0:STMicroelectronics:USB::USB Host:MSC HS::1.0:USB_HOST_1_0_RESTRICTED_HS
2024-12-17 17:18:18,003 [WARN] ModelIntegratedComponent:188 - Modes not found for component STMicroelectronics:USB_HOST:1.0.0:STMicroelectronics:USB::USB Host:MSC HS::1.0:USB_HOST_1_0_RESTRICTED_HS
2024-12-17 17:18:18,003 [WARN] ModelIntegratedComponent:182 - Modes not found for component STMicroelectronics:USB_HOST:1.0.0:STMicroelectronics:USB::USB Host:HID HS::1.0:USB_HOST_1_0_RESTRICTED_HS
2024-12-17 17:18:18,003 [WARN] ModelIntegratedComponent:188 - Modes not found for component STMicroelectronics:USB_HOST:1.0.0:STMicroelectronics:USB::USB Host:HID HS::1.0:USB_HOST_1_0_RESTRICTED_HS
2024-12-17 17:18:18,003 [WARN] ModelIntegratedComponent:182 - Modes not found for component STMicroelectronics:USB_HOST:1.0.0:STMicroelectronics:USB::USB Host:MTP HS::1.0:USB_HOST_1_0_RESTRICTED_HS
2024-12-17 17:18:18,004 [WARN] ModelIntegratedComponent:188 - Modes not found for component STMicroelectronics:USB_HOST:1.0.0:STMicroelectronics:USB::USB Host:MTP HS::1.0:USB_HOST_1_0_RESTRICTED_HS
2024-12-17 17:18:18,074 [INFO] ThirdPartyModel:298 - Start build external matchings
2024-12-17 17:18:18,886 [INFO] ThirdPartyModel:316 - End build external matchings
2024-12-17 17:18:19,312 [INFO] UtilMem:75 - End LoadConfig() Used Memory: 907764120 Bytes (1073741824)
2024-12-17 17:18:19,355 [INFO] MicroXplorer:468 - Change Database Path : 
2024-12-17 17:18:19,355 [INFO] MicroXplorer:498 - Change Database Version : DB.6.0.100
2024-12-17 17:18:19,355 [WARN] ThirdParty:833 - waiting for thirdparty lock release [change project]
2024-12-17 17:18:19,356 [INFO] ThirdParty:835 - entering critical section [change project]
2024-12-17 17:18:19,356 [INFO] ThirdParty:1030 - CMSIS Pack Vendor :STMicroelectronics USBPD 4.1
2024-12-17 17:18:19,356 [INFO] ThirdParty:1030 - CMSIS Pack Vendor :STMicroelectronics X-CUBE-GNSS1 6.0.0
2024-12-17 17:18:19,356 [INFO] ThirdParty:1030 - CMSIS Pack Vendor :STMicroelectronics USB_HOST 2.0.0
2024-12-17 17:18:19,356 [INFO] ThirdParty:1030 - CMSIS Pack Vendor :STMicroelectronics FP-SNS-MOTENVWB1 1.4.0
2024-12-17 17:18:19,356 [INFO] ThirdParty:1030 - CMSIS Pack Vendor :STMicroelectronics X-CUBE-AZRTOS-F4 1.1.0
2024-12-17 17:18:19,356 [INFO] ThirdParty:1030 - CMSIS Pack Vendor :STMicroelectronics LIBJPEG 8.0.0
2024-12-17 17:18:19,357 [INFO] ThirdParty:1030 - CMSIS Pack Vendor :STMicroelectronics FP-ATR-ASTRA1 2.0.1
2024-12-17 17:18:19,357 [INFO] ThirdParty:1030 - CMSIS Pack Vendor :STMicroelectronics X-CUBE-SMBUS 2.1.0
2024-12-17 17:18:19,357 [INFO] ThirdParty:1030 - CMSIS Pack Vendor :STMicroelectronics X-CUBE-WB05N 1.1.0
2024-12-17 17:18:19,357 [INFO] ThirdParty:1030 - CMSIS Pack Vendor :STMicroelectronics X-CUBE-ISPU 2.1.0
2024-12-17 17:18:19,357 [INFO] ThirdParty:1030 - CMSIS Pack Vendor :STMicroelectronics X-CUBE-FREERTOS 1.2.0
2024-12-17 17:18:19,357 [INFO] ThirdParty:1030 - CMSIS Pack Vendor :wolfSSL I-CUBE-wolfSSL 5.6.6
2024-12-17 17:18:19,357 [INFO] ThirdParty:1030 - CMSIS Pack Vendor :STMicroelectronics X-CUBE-TOUCHGFX 4.23.0
2024-12-17 17:18:19,357 [INFO] ThirdParty:1030 - CMSIS Pack Vendor :STMicroelectronics X-CUBE-TOUCHGFX 4.23.2
2024-12-17 17:18:19,357 [INFO] ThirdParty:1030 - CMSIS Pack Vendor :STMicroelectronics X-CUBE-AZRTOS-F7 1.1.0
2024-12-17 17:18:19,357 [INFO] ThirdParty:1030 - CMSIS Pack Vendor :STMicroelectronics X-CUBE-AZRTOS-L5 2.0.0
2024-12-17 17:18:19,357 [INFO] ThirdParty:1030 - CMSIS Pack Vendor :STMicroelectronics USB_DEVICE 2.0.0
2024-12-17 17:18:19,357 [INFO] ThirdParty:1030 - CMSIS Pack Vendor :STMicroelectronics X-CUBE-NFC6 3.1.0
2024-12-17 17:18:19,357 [INFO] ThirdParty:1030 - CMSIS Pack Vendor :ITTIA_DB I-CUBE-ITTIADB 8.8.0
2024-12-17 17:18:19,357 [INFO] ThirdParty:1030 - CMSIS Pack Vendor :STMicroelectronics FP-SNS-MOTENV1 4.3.2
2024-12-17 17:18:19,357 [INFO] ThirdParty:1030 - CMSIS Pack Vendor :STMicroelectronics X-CUBE-MEMS1 11.0.0
2024-12-17 17:18:19,357 [INFO] ThirdParty:1030 - CMSIS Pack Vendor :STMicroelectronics FreeRTOS 0.0.1
2024-12-17 17:18:19,357 [INFO] ThirdParty:1030 - CMSIS Pack Vendor :STMicroelectronics X-CUBE-DPower 1.2.0
2024-12-17 17:18:19,357 [INFO] ThirdParty:1030 - CMSIS Pack Vendor :STMicroelectronics FP-SNS-FLIGHT1 5.0.2
2024-12-17 17:18:19,357 [INFO] ThirdParty:1030 - CMSIS Pack Vendor :STMicroelectronics X-CUBE-AI 9.0.0
2024-12-17 17:18:19,357 [INFO] ThirdParty:1030 - CMSIS Pack Vendor :STMicroelectronics PDM2PCM 3.3.0
2024-12-17 17:18:19,357 [INFO] ThirdParty:1030 - CMSIS Pack Vendor :STMicroelectronics X-CUBE-DISPLAY 3.0.0
2024-12-17 17:18:19,357 [INFO] ThirdParty:1030 - CMSIS Pack Vendor :STMicroelectronics X-CUBE-BLE1 7.0.0
2024-12-17 17:18:19,357 [INFO] ThirdParty:1030 - CMSIS Pack Vendor :STMicroelectronics X-CUBE-NFC10 1.0.0
2024-12-17 17:18:19,357 [INFO] ThirdParty:1030 - CMSIS Pack Vendor :STMicroelectronics X-CUBE-BLEMGR 4.0.0
2024-12-17 17:18:19,357 [INFO] ThirdParty:1030 - CMSIS Pack Vendor :STMicroelectronics HAL Drivers 0.0.0
2024-12-17 17:18:19,357 [INFO] ThirdParty:1030 - CMSIS Pack Vendor :emotas I-CUBE-CANOPEN 1.3.0
2024-12-17 17:18:19,357 [INFO] ThirdParty:1030 - CMSIS Pack Vendor :STMicroelectronics X-CUBE-FREERTOS 1.3.0
2024-12-17 17:18:19,357 [INFO] ThirdParty:1030 - CMSIS Pack Vendor :STMicroelectronics X-CUBE-NFC7 1.0.1
2024-12-17 17:18:19,357 [INFO] ThirdParty:1030 - CMSIS Pack Vendor :STMicroelectronics MBEDTLS 2.14.1
2024-12-17 17:18:19,357 [INFO] ThirdParty:1030 - CMSIS Pack Vendor :STMicroelectronics X-CUBE-NFC6 3.0.0
2024-12-17 17:18:19,357 [INFO] ThirdParty:1030 - CMSIS Pack Vendor :STMicroelectronics X-CUBE-BLEMGR 3.1.0
2024-12-17 17:18:19,358 [INFO] ThirdParty:1030 - CMSIS Pack Vendor :STMicroelectronics FP-SNS-SMARTAG2 1.2.0
2024-12-17 17:18:19,358 [INFO] ThirdParty:1030 - CMSIS Pack Vendor :STMicroelectronics X-CUBE-AZRTOS-WL 2.0.0
2024-12-17 17:18:19,358 [INFO] ThirdParty:1030 - CMSIS Pack Vendor :STMicroelectronics FP-SNS-MOTENV1 5.0.0
2024-12-17 17:18:19,358 [INFO] ThirdParty:1030 - CMSIS Pack Vendor :STMicroelectronics USB_DEVICE 1.0.0
2024-12-17 17:18:19,358 [INFO] ThirdParty:1030 - CMSIS Pack Vendor :STMicroelectronics X-CUBE-AI 8.1.0
2024-12-17 17:18:19,358 [INFO] ThirdParty:1030 - CMSIS Pack Vendor :wolfSSL I-CUBE-wolfMQTT 1.19.0
2024-12-17 17:18:19,358 [INFO] ThirdParty:1030 - CMSIS Pack Vendor :STMicroelectronics X-CUBE-AZRTOS-L4 2.0.0
2024-12-17 17:18:19,358 [INFO] ThirdParty:1030 - CMSIS Pack Vendor :STMicroelectronics ThreadX 0.0.2
2024-12-17 17:18:19,358 [INFO] ThirdParty:1030 - CMSIS Pack Vendor :WES I-CUBE-Cesium 1.3.0
2024-12-17 17:18:19,358 [INFO] ThirdParty:1030 - CMSIS Pack Vendor :STMicroelectronics lwIP 2.1.2
2024-12-17 17:18:19,358 [INFO] ThirdParty:1030 - CMSIS Pack Vendor :STMicroelectronics X-CUBE-SFXS2LP1 4.0.0
2024-12-17 17:18:19,358 [INFO] ThirdParty:1030 - CMSIS Pack Vendor :STMicroelectronics X-CUBE-BLE2 3.3.0
2024-12-17 17:18:19,358 [INFO] ThirdParty:1030 - CMSIS Pack Vendor :STMicroelectronics PDM2PCM 3.2.0
2024-12-17 17:18:19,358 [INFO] ThirdParty:1030 - CMSIS Pack Vendor :STMicroelectronics X-CUBE-AZRTOS-H7 3.3.0
2024-12-17 17:18:19,358 [INFO] ThirdParty:1030 - CMSIS Pack Vendor :STMicroelectronics X-CUBE-NFC9 1.0.0
2024-12-17 17:18:19,358 [INFO] ThirdParty:1030 - CMSIS Pack Vendor :STMicroelectronics USB_DEVICE 3.0.0
2024-12-17 17:18:19,358 [INFO] ThirdParty:1030 - CMSIS Pack Vendor :STMicroelectronics X-CUBE-TCPP 4.1.0
2024-12-17 17:18:19,358 [INFO] ThirdParty:1030 - CMSIS Pack Vendor :STMicroelectronics X-CUBE-IPS 3.0.0
2024-12-17 17:18:19,358 [INFO] ThirdParty:1030 - CMSIS Pack Vendor :STMicroelectronics X-CUBE-AZRTOS-WB 2.0.0
2024-12-17 17:18:19,358 [INFO] ThirdParty:1030 - CMSIS Pack Vendor :STMicroelectronics X-CUBE-GNSS1 7.0.0
2024-12-17 17:18:19,358 [INFO] ThirdParty:1030 - CMSIS Pack Vendor :STMicroelectronics FP-SNS-STBOX1 2.0.0
2024-12-17 17:18:19,358 [INFO] ThirdParty:1030 - CMSIS Pack Vendor :STMicroelectronics X-CUBE-ALGOBUILD 1.3.0
2024-12-17 17:18:19,358 [INFO] ThirdParty:1030 - CMSIS Pack Vendor :STMicroelectronics X-CUBE-AZRTOS-G0 1.1.0
2024-12-17 17:18:19,358 [INFO] ThirdParty:1030 - CMSIS Pack Vendor :STMicroelectronics X-CUBE-SAFEA1 1.2.2
2024-12-17 17:18:19,358 [INFO] ThirdParty:1030 - CMSIS Pack Vendor :STMicroelectronics X-CUBE-NFC4 3.0.0
2024-12-17 17:18:19,358 [INFO] ThirdParty:1030 - CMSIS Pack Vendor :STMicroelectronics X-CUBE-SUBG2 5.0.0
2024-12-17 17:18:19,358 [INFO] ThirdParty:1030 - CMSIS Pack Vendor :STMicroelectronics STM32_WPAN 1.0.0
2024-12-17 17:18:19,358 [INFO] ThirdParty:1030 - CMSIS Pack Vendor :EmbeddedOffice I-CUBE-FS-RTOS 1.0.1
2024-12-17 17:18:19,358 [INFO] ThirdParty:1030 - CMSIS Pack Vendor :STMicroelectronics lwIP 2.0.3
2024-12-17 17:18:19,358 [INFO] ThirdParty:1030 - CMSIS Pack Vendor :Cesanta I-CUBE-Mongoose 7.13.0
2024-12-17 17:18:19,358 [INFO] ThirdParty:1030 - CMSIS Pack Vendor :STMicroelectronics USB_HOST 1.0.0
2024-12-17 17:18:19,358 [INFO] ThirdParty:1030 - CMSIS Pack Vendor :STMicroelectronics X-CUBE-AZRTOS-G4 2.0.0
2024-12-17 17:18:19,358 [INFO] ThirdParty:1030 - CMSIS Pack Vendor :STMicroelectronics PDM2PCM 3.1.0
2024-12-17 17:18:19,358 [INFO] ThirdParty:1030 - CMSIS Pack Vendor :Infineon AIROC-Wi-Fi-Bluetooth-STM32 1.5.1
2024-12-17 17:18:19,358 [INFO] ThirdParty:1030 - CMSIS Pack Vendor :STMicroelectronics X-CUBE-BLEMGR 3.0.0
2024-12-17 17:18:19,358 [INFO] ThirdParty:1030 - CMSIS Pack Vendor :RealThread X-CUBE-RT-Thread_Nano 4.1.1
2024-12-17 17:18:19,358 [INFO] ThirdParty:1030 - CMSIS Pack Vendor :STMicroelectronics FP-SNS-MOTENVWB1 1.3.1
2024-12-17 17:18:19,358 [INFO] ThirdParty:1030 - CMSIS Pack Vendor :STMicroelectronics FP-ATR-SIGFOX1 3.2.0
2024-12-17 17:18:19,358 [INFO] ThirdParty:1030 - CMSIS Pack Vendor :quantropi X-CUBE-qispace-sdk-base 1.9.3
2024-12-17 17:18:19,358 [INFO] ThirdParty:1030 - CMSIS Pack Vendor :STMicroelectronics X-CUBE-ISPU 2.0.0
2024-12-17 17:18:19,358 [INFO] ThirdParty:1030 - CMSIS Pack Vendor :STMicroelectronics X-CUBE-EEPRMA1 5.1.0
2024-12-17 17:18:19,358 [INFO] ThirdParty:1030 - CMSIS Pack Vendor :STMicroelectronics MBEDTLS 2.16.2
2024-12-17 17:18:19,358 [INFO] ThirdParty:1030 - CMSIS Pack Vendor :STMicroelectronics X-CUBE-ALS 1.0.2
2024-12-17 17:18:19,358 [INFO] ThirdParty:1030 - CMSIS Pack Vendor :STMicroelectronics X-CUBE-MEMS1 10.0.0
2024-12-17 17:18:19,358 [INFO] ThirdParty:1030 - CMSIS Pack Vendor :wolfSSL I-CUBE-wolfSSL 5.7.4
2024-12-17 17:18:19,359 [INFO] ThirdParty:1030 - CMSIS Pack Vendor :STMicroelectronics X-CUBE-FREERTOS 1.1.0
2024-12-17 17:18:19,359 [INFO] ThirdParty:1030 - CMSIS Pack Vendor :ITTIA_DB I-CUBE-ITTIADB 8.9.0
2024-12-17 17:18:19,359 [INFO] ThirdParty:1030 - CMSIS Pack Vendor :STMicroelectronics X-CUBE-TOUCHGFX 4.24.1
2024-12-17 17:18:19,359 [INFO] ThirdParty:1030 - CMSIS Pack Vendor :wolfSSL I-CUBE-wolfTPM 3.4.0
2024-12-17 17:18:19,359 [INFO] ThirdParty:1030 - CMSIS Pack Vendor :portGmbH I-Cube-SoM-uGOAL 1.1.0
2024-12-17 17:18:19,359 [INFO] ThirdParty:1030 - CMSIS Pack Vendor :STMicroelectronics X-CUBE-ALS 1.0.1
2024-12-17 17:18:19,359 [INFO] ThirdParty:1030 - CMSIS Pack Vendor :STMicroelectronics ThreadX 1.0.0
2024-12-17 17:18:19,359 [INFO] ThirdParty:1030 - CMSIS Pack Vendor :SEGGER I-CUBE-embOS 1.3.1
2024-12-17 17:18:19,359 [INFO] ThirdParty:1030 - CMSIS Pack Vendor :STMicroelectronics X-CUBE-ALGOBUILD 1.4.0
2024-12-17 17:18:19,359 [INFO] ThirdParty:1030 - CMSIS Pack Vendor :STMicroelectronics X-CUBE-AZRTOS-H7RS 1.0.0
2024-12-17 17:18:19,359 [INFO] ThirdParty:1030 - CMSIS Pack Vendor :STMicroelectronics FP-ATR-ASTRA1 2.0.0
2024-12-17 17:18:19,359 [INFO] ThirdParty:1030 - CMSIS Pack Vendor :STMicroelectronics X-CUBE-TOF1 3.4.2
2024-12-17 17:18:19,359 [INFO] ThirdParty:1030 - CMSIS Pack Vendor :STMicroelectronics X-CUBE-AI 9.1.0
2024-12-17 17:18:19,359 [INFO] ThirdParty:1030 - CMSIS Pack Vendor :STMicroelectronics X-CUBE-TOF1 3.4.0
2024-12-17 17:18:19,359 [INFO] ThirdParty:1030 - CMSIS Pack Vendor :Infineon AIROC-Wi-Fi-Bluetooth-STM32 1.6.1
2024-12-17 17:18:19,359 [INFO] ThirdParty:1030 - CMSIS Pack Vendor :STMicroelectronics X-CUBE-TOF1 3.4.1
2024-12-17 17:18:19,359 [INFO] ThirdParty:1030 - CMSIS Pack Vendor :STMicroelectronics X-CUBE-AZRTOS-H7 3.2.0
2024-12-17 17:18:19,359 [INFO] ThirdParty:1030 - CMSIS Pack Vendor :wolfSSL I-CUBE-wolfSSH 1.4.17
2024-12-17 17:18:19,359 [INFO] ThirdParty:841 - exiting critical section [change project]
2024-12-17 17:18:19,647 [INFO] PinOutPanel:1499 - setPackage(No Configuration,No Configuration)
2024-12-17 17:18:19,648 [INFO] PinOutPanel:1499 - setPackage(STM32F401CCUx,UFQFPN48)
2024-12-17 17:18:20,027 [INFO] UtilMem:75 - Before build in PCC Used Memory: 668507536 Bytes (1073741824)
2024-12-17 17:18:20,845 [INFO] UtilMem:75 - After build in PCC Used Memory: 856775504 Bytes (1073741824)
2024-12-17 17:18:20,871 [INFO] IPUIPlugin:80 - create IPUIPlugin
2024-12-17 17:18:20,872 [INFO] IPUIPlugin:80 - create IPUIPlugin
2024-12-17 17:18:20,872 [INFO] IPUIPlugin:80 - create IPUIPlugin
2024-12-17 17:18:20,872 [INFO] IPUIPlugin:80 - create IPUIPlugin
2024-12-17 17:18:20,873 [INFO] IPUIPlugin:80 - create IPUIPlugin
2024-12-17 17:18:20,873 [INFO] IPUIPlugin:80 - create IPUIPlugin
2024-12-17 17:18:20,874 [INFO] IPUIPlugin:80 - create IPUIPlugin
2024-12-17 17:18:20,874 [INFO] IPUIPlugin:80 - create IPUIPlugin
2024-12-17 17:18:20,874 [INFO] IPUIPlugin:80 - create IPUIPlugin
2024-12-17 17:18:20,874 [INFO] IPUIPlugin:80 - create IPUIPlugin
2024-12-17 17:18:20,874 [INFO] IPUIPlugin:80 - create IPUIPlugin
2024-12-17 17:18:20,874 [INFO] IPUIPlugin:80 - create IPUIPlugin
2024-12-17 17:18:20,874 [INFO] IPUIPlugin:80 - create IPUIPlugin
2024-12-17 17:18:20,875 [INFO] IPUIPlugin:80 - create IPUIPlugin
2024-12-17 17:18:20,875 [INFO] IPUIPlugin:80 - create IPUIPlugin
2024-12-17 17:18:20,876 [INFO] IPUIPlugin:80 - create IPUIPlugin
2024-12-17 17:18:20,876 [INFO] IPUIPlugin:80 - create IPUIPlugin
2024-12-17 17:18:20,876 [INFO] IPUIPlugin:80 - create IPUIPlugin
2024-12-17 17:18:20,876 [INFO] IPUIPlugin:80 - create IPUIPlugin
2024-12-17 17:18:20,876 [INFO] IPUIPlugin:80 - create IPUIPlugin
2024-12-17 17:18:20,876 [INFO] IPUIPlugin:80 - create IPUIPlugin
2024-12-17 17:18:20,877 [INFO] IPUIPlugin:80 - create IPUIPlugin
2024-12-17 17:18:20,877 [INFO] IPUIPlugin:80 - create IPUIPlugin
2024-12-17 17:18:20,877 [INFO] IPUIPlugin:80 - create IPUIPlugin
2024-12-17 17:18:20,877 [INFO] IPUIPlugin:80 - create IPUIPlugin
2024-12-17 17:18:20,877 [INFO] IPUIPlugin:80 - create IPUIPlugin
2024-12-17 17:18:20,877 [INFO] IPUIPlugin:80 - create IPUIPlugin
2024-12-17 17:18:20,878 [INFO] IPUIPlugin:80 - create IPUIPlugin
2024-12-17 17:18:20,878 [INFO] IPUIPlugin:80 - create IPUIPlugin
2024-12-17 17:18:20,878 [INFO] IPUIPlugin:80 - create IPUIPlugin
2024-12-17 17:18:20,878 [INFO] IPUIPlugin:80 - create IPUIPlugin
2024-12-17 17:18:20,878 [INFO] IPUIPlugin:80 - create IPUIPlugin
2024-12-17 17:18:20,879 [INFO] IPUIPlugin:80 - create IPUIPlugin
2024-12-17 17:18:20,879 [INFO] IPUIPlugin:80 - create IPUIPlugin
2024-12-17 17:18:20,879 [INFO] IPUIPlugin:80 - create IPUIPlugin
2024-12-17 17:18:20,879 [INFO] IPUIPlugin:80 - create IPUIPlugin
2024-12-17 17:18:20,880 [INFO] IPUIPlugin:80 - create IPUIPlugin
2024-12-17 17:18:20,984 [INFO] ApiDbMcu:508 - Load IP Config File for PDM2PCM
2024-12-17 17:18:21,185 [INFO] CADModel:165 - CPN selected for project levelSTM32F401CCU6
2024-12-17 17:18:21,185 [INFO] CADModel:114 - Register for checkConnection events
2024-12-17 17:18:21,232 [INFO] OpenFileManager:343 - Restore cursor
2024-12-17 17:18:24,149 [INFO] UtilMem:75 - End SaveConfig() Used Memory: 765642432 Bytes (1073741824)
2024-12-17 17:18:24,202 [INFO] UtilMem:75 - End SaveConfig() Used Memory: 779780256 Bytes (1073741824)
2024-12-17 17:18:24,548 [INFO] BlockDiagram:2759 - set Specific Code input for plugin: NVIC
2024-12-17 17:18:24,548 [INFO] BlockDiagram:2759 - set Specific Code input for plugin: RCC
2024-12-17 17:18:24,550 [INFO] CodeGenerator:807 - code generatio: config db path: C:\ST\STM32CubeIDE_1.14.1\STM32CubeIDE\plugins\com.st.stm32cube.common.mx_6.10.0.202311202037\\db\
2024-12-17 17:18:24,776 [INFO] CodeEngine:255 - oldGeneratedFile, C:\Users\koren\OneDrive\Desktop\SmartWeatherSTM32\SmartWeatherSTM32\MXTmpFiles\license.tmp_save
2024-12-17 17:18:25,072 [INFO] CodeEngine:279 - Generated code: C:\Users\koren\OneDrive\Desktop\SmartWeatherSTM32\SmartWeatherSTM32\MXTmpFiles\license.tmp
2024-12-17 17:18:25,097 [INFO] CodeEngine:255 - oldGeneratedFile, C:\Users\koren\OneDrive\Desktop\SmartWeatherSTM32\SmartWeatherSTM32\Core\Src\stm32f4xx_it.c_save
2024-12-17 17:18:25,261 [INFO] CodeEngine:279 - Generated code: C:\Users\koren\OneDrive\Desktop\SmartWeatherSTM32\SmartWeatherSTM32\Core\Src\stm32f4xx_it.c
2024-12-17 17:18:25,274 [INFO] CodeEngine:255 - oldGeneratedFile, C:\Users\koren\OneDrive\Desktop\SmartWeatherSTM32\SmartWeatherSTM32\Core\Inc\stm32f4xx_it.h_save
2024-12-17 17:18:25,346 [INFO] CodeEngine:279 - Generated code: C:\Users\koren\OneDrive\Desktop\SmartWeatherSTM32\SmartWeatherSTM32\Core\Inc\stm32f4xx_it.h
2024-12-17 17:18:25,451 [INFO] CodeEngine:255 - oldGeneratedFile, C:\Users\koren\OneDrive\Desktop\SmartWeatherSTM32\SmartWeatherSTM32\Core\Src\stm32f4xx_hal_msp.c_save
2024-12-17 17:18:25,561 [INFO] CodeEngine:279 - Generated code: C:\Users\koren\OneDrive\Desktop\SmartWeatherSTM32\SmartWeatherSTM32\Core\Src\stm32f4xx_hal_msp.c
2024-12-17 17:18:25,573 [INFO] CodeEngine:255 - oldGeneratedFile, C:\Users\koren\OneDrive\Desktop\SmartWeatherSTM32\SmartWeatherSTM32\MXTmpFiles\system.tmp_save
2024-12-17 17:18:25,622 [INFO] CodeEngine:279 - Generated code: C:\Users\koren\OneDrive\Desktop\SmartWeatherSTM32\SmartWeatherSTM32\MXTmpFiles\system.tmp
2024-12-17 17:18:25,639 [INFO] CodeEngine:311 - oldGeneratedFile, C:\Users\koren\OneDrive\Desktop\SmartWeatherSTM32\SmartWeatherSTM32\Core\Inc\stm32f4xx_hal_conf.h_save
2024-12-17 17:18:25,719 [INFO] CodeEngine:335 - Generated code: C:\Users\koren\OneDrive\Desktop\SmartWeatherSTM32\SmartWeatherSTM32\Core\Inc\stm32f4xx_hal_conf.h
2024-12-17 17:18:25,793 [INFO] CodeEngine:255 - oldGeneratedFile, C:\Users\koren\OneDrive\Desktop\SmartWeatherSTM32\SmartWeatherSTM32\Core\Inc\main.h_save
2024-12-17 17:18:25,884 [INFO] CodeEngine:279 - Generated code: C:\Users\koren\OneDrive\Desktop\SmartWeatherSTM32\SmartWeatherSTM32\Core\Inc\main.h
2024-12-17 17:18:25,896 [INFO] CodeEngine:255 - oldGeneratedFile, C:\Users\koren\OneDrive\Desktop\SmartWeatherSTM32\SmartWeatherSTM32\Core\Src\main.c_save
2024-12-17 17:18:26,042 [INFO] CodeEngine:279 - Generated code: C:\Users\koren\OneDrive\Desktop\SmartWeatherSTM32\SmartWeatherSTM32\Core\Src\main.c
2024-12-17 17:18:26,618 [INFO] ProjectBuilder:3076 - Time for Copy HAL[1] : 186mS.
2024-12-17 17:18:26,623 [INFO] ProjectBuilder:4485 - Project Generator version: 4.2.0-B44
2024-12-17 17:18:26,798 [INFO] ConfigFileManager:1495 - The Die is : DIE423
2024-12-17 17:18:26,818 [INFO] ApiDbMcu:508 - Load IP Config File for FATFS
2024-12-17 17:18:26,853 [INFO] ApiDbMcu:508 - Load IP Config File for FREERTOS
2024-12-17 17:18:26,868 [INFO] ApiDbMcu:508 - Load IP Config File for LIBJPEG
2024-12-17 17:18:26,912 [INFO] ApiDbMcu:508 - Load IP Config File for MBEDTLS
2024-12-17 17:18:26,947 [INFO] ApiDbMcu:508 - Load IP Config File for USB_DEVICE
2024-12-17 17:18:26,962 [INFO] ApiDbMcu:508 - Load IP Config File for USB_HOST
2024-12-17 17:18:27,815 [INFO] LogOutputStream:77 - [STDOUT_REDIRECT] 
2024-12-17 17:18:30,564 [INFO] ProjectBuilder:4747 - Time for Generating toolchain IDE Files: 3940mS.
2024-12-17 17:18:30,565 [INFO] ProjectBuilder:2947 - Time for Copy CMSIS : 1mS.
2024-12-17 17:18:30,567 [INFO] ProjectBuilder:2947 - Time for Copy CMSIS : 0mS.
2024-12-17 17:18:31,366 [INFO] McuFinderGlobals:76 - Set McuFinderConnectedMode to true
2024-12-17 17:18:31,370 [INFO] ApiDb:448 - Save user favorites file C:\Users\koren/.stm32cubeide/favorites.mcus.txt: 0 item(s)
2024-12-17 17:18:31,370 [INFO] ApiDb:452 - User favorites MCUs=[]
